{"E:\\apps\\Learnings\\Brand_Backend\\src\\index.ts": {"path":"E:\\apps\\Learnings\\Brand_Backend\\src\\index.ts","statementMap":{"0":{"start":{"line":1,"column":0},"end":{"line":1,"column":30}},"1":{"start":{"line":2,"column":0},"end":{"line":2,"column":28}},"2":{"start":{"line":3,"column":0},"end":{"line":3,"column":42}},"3":{"start":{"line":4,"column":0},"end":{"line":4,"column":52}},"4":{"start":{"line":5,"column":0},"end":{"line":5,"column":41}},"5":{"start":{"line":6,"column":0},"end":{"line":6,"column":41}},"6":{"start":{"line":7,"column":0},"end":{"line":7,"column":47}},"7":{"start":{"line":8,"column":0},"end":{"line":8,"column":43}},"8":{"start":{"line":9,"column":0},"end":{"line":9,"column":47}},"9":{"start":{"line":10,"column":0},"end":{"line":10,"column":39}},"10":{"start":{"line":11,"column":0},"end":{"line":11,"column":24}},"11":{"start":{"line":12,"column":0},"end":{"line":12,"column":46}},"12":{"start":{"line":13,"column":0},"end":{"line":13,"column":43}},"13":{"start":{"line":16,"column":13},"end":{"line":16,"column":29}},"14":{"start":{"line":18,"column":0},"end":{"line":18,"column":24}},"15":{"start":{"line":19,"column":0},"end":{"line":19,"column":16}},"16":{"start":{"line":20,"column":0},"end":{"line":20,"column":47}},"17":{"start":{"line":22,"column":0},"end":{"line":22,"column":16}},"18":{"start":{"line":24,"column":18},"end":{"line":24,"column":49}},"19":{"start":{"line":25,"column":27},"end":{"line":25,"column":93}},"20":{"start":{"line":27,"column":0},"end":{"line":27,"column":30}},"21":{"start":{"line":30,"column":0},"end":{"line":30,"column":64}},"22":{"start":{"line":34,"column":0},"end":{"line":34,"column":31}},"23":{"start":{"line":35,"column":0},"end":{"line":35,"column":26}},"24":{"start":{"line":36,"column":0},"end":{"line":36,"column":31}},"25":{"start":{"line":37,"column":0},"end":{"line":37,"column":37}},"26":{"start":{"line":38,"column":0},"end":{"line":38,"column":33}},"27":{"start":{"line":39,"column":0},"end":{"line":39,"column":37}},"28":{"start":{"line":40,"column":0},"end":{"line":40,"column":36}},"29":{"start":{"line":42,"column":13},"end":{"line":42,"column":37}},"30":{"start":{"line":44,"column":0},"end":{"line":46,"column":3}},"31":{"start":{"line":45,"column":4},"end":{"line":45,"column":52}},"32":{"start":{"line":48,"column":0},"end":{"line":48,"column":19}}},"fnMap":{"0":{"name":"(anonymous_1)","decl":{"start":{"line":44,"column":17},"end":{"line":44,"column":20}},"loc":{"start":{"line":44,"column":22},"end":{"line":46,"column":1}}}},"branchMap":{"0":{"loc":{"start":{"line":25,"column":27},"end":{"line":25,"column":93}},"type":"cond-expr","locations":[{"start":{"line":25,"column":39},"end":{"line":25,"column":67}},{"start":{"line":25,"column":70},"end":{"line":25,"column":93}}]},"1":{"loc":{"start":{"line":42,"column":13},"end":{"line":42,"column":37}},"type":"binary-expr","locations":[{"start":{"line":42,"column":13},"end":{"line":42,"column":29}},{"start":{"line":42,"column":33},"end":{"line":42,"column":37}}]}},"s":{"0":6,"1":6,"2":6,"3":6,"4":6,"5":6,"6":6,"7":6,"8":6,"9":6,"10":6,"11":6,"12":6,"13":6,"14":6,"15":6,"16":6,"17":6,"18":6,"19":6,"20":6,"21":6,"22":6,"23":6,"24":6,"25":6,"26":6,"27":6,"28":6,"29":6,"30":6,"31":1,"32":6},"f":{"0":1},"b":{"0":[6,0],"1":[6,0]}}
,"E:\\apps\\Learnings\\Brand_Backend\\src\\swaggerConfig.ts": {"path":"E:\\apps\\Learnings\\Brand_Backend\\src\\swaggerConfig.ts","statementMap":{"0":{"start":{"line":1,"column":0},"end":{"line":1,"column":41}},"1":{"start":{"line":2,"column":0},"end":{"line":2,"column":56}},"2":{"start":{"line":3,"column":0},"end":{"line":3,"column":54}},"3":{"start":{"line":4,"column":0},"end":{"line":4,"column":62}},"4":{"start":{"line":5,"column":0},"end":{"line":5,"column":53}},"5":{"start":{"line":6,"column":0},"end":{"line":6,"column":53}},"6":{"start":{"line":7,"column":0},"end":{"line":7,"column":49}},"7":{"start":{"line":10,"column":38},"end":{"line":37,"column":2}},"8":{"start":{"line":39,"column":13},"end":{"line":39,"column":49}}},"fnMap":{},"branchMap":{},"s":{"0":6,"1":6,"2":6,"3":6,"4":6,"5":6,"6":6,"7":6,"8":6},"f":{},"b":{}}
,"E:\\apps\\Learnings\\Brand_Backend\\src\\config\\database.ts": {"path":"E:\\apps\\Learnings\\Brand_Backend\\src\\config\\database.ts","statementMap":{"0":{"start":{"line":1,"column":0},"end":{"line":1,"column":32}},"1":{"start":{"line":3,"column":18},"end":{"line":23,"column":1}},"2":{"start":{"line":4,"column":29},"end":{"line":4,"column":74}},"3":{"start":{"line":6,"column":4},"end":{"line":9,"column":5}},"4":{"start":{"line":7,"column":8},"end":{"line":7,"column":68}},"5":{"start":{"line":8,"column":8},"end":{"line":8,"column":24}},"6":{"start":{"line":11,"column":4},"end":{"line":11,"column":39}},"7":{"start":{"line":13,"column":15},"end":{"line":13,"column":34}},"8":{"start":{"line":15,"column":4},"end":{"line":18,"column":7}},"9":{"start":{"line":16,"column":8},"end":{"line":16,"column":56}},"10":{"start":{"line":17,"column":8},"end":{"line":17,"column":24}},"11":{"start":{"line":20,"column":4},"end":{"line":22,"column":7}},"12":{"start":{"line":21,"column":8},"end":{"line":21,"column":48}},"13":{"start":{"line":25,"column":0},"end":{"line":25,"column":25}}},"fnMap":{"0":{"name":"(anonymous_1)","decl":{"start":{"line":3,"column":18},"end":{"line":3,"column":19}},"loc":{"start":{"line":3,"column":50},"end":{"line":23,"column":1}}},"1":{"name":"(anonymous_2)","decl":{"start":{"line":15,"column":19},"end":{"line":15,"column":20}},"loc":{"start":{"line":15,"column":27},"end":{"line":18,"column":5}}},"2":{"name":"(anonymous_3)","decl":{"start":{"line":20,"column":20},"end":{"line":20,"column":23}},"loc":{"start":{"line":20,"column":25},"end":{"line":22,"column":5}}}},"branchMap":{"0":{"loc":{"start":{"line":4,"column":29},"end":{"line":4,"column":74}},"type":"binary-expr","locations":[{"start":{"line":4,"column":29},"end":{"line":4,"column":47}},{"start":{"line":4,"column":51},"end":{"line":4,"column":74}}]},"1":{"loc":{"start":{"line":6,"column":4},"end":{"line":9,"column":5}},"type":"if","locations":[{"start":{"line":6,"column":4},"end":{"line":9,"column":5}}]}},"s":{"0":6,"1":6,"2":6,"3":6,"4":0,"5":0,"6":6,"7":6,"8":6,"9":0,"10":0,"11":6,"12":6,"13":6},"f":{"0":6,"1":0,"2":6},"b":{"0":[6,0],"1":[0]}}
,"E:\\apps\\Learnings\\Brand_Backend\\src\\controllers\\Blogs.ts": {"path":"E:\\apps\\Learnings\\Brand_Backend\\src\\controllers\\Blogs.ts","statementMap":{"0":{"start":{"line":2,"column":0},"end":{"line":2,"column":36}},"1":{"start":{"line":4,"column":0},"end":{"line":4,"column":56}},"2":{"start":{"line":9,"column":8},"end":{"line":42,"column":9}},"3":{"start":{"line":10,"column":57},"end":{"line":10,"column":65}},"4":{"start":{"line":11,"column":26},"end":{"line":11,"column":55}},"5":{"start":{"line":13,"column":30},"end":{"line":13,"column":59}},"6":{"start":{"line":14,"column":12},"end":{"line":19,"column":13}},"7":{"start":{"line":15,"column":16},"end":{"line":18,"column":19}},"8":{"start":{"line":22,"column":28},"end":{"line":28,"column":14}},"9":{"start":{"line":31,"column":12},"end":{"line":31,"column":33}},"10":{"start":{"line":32,"column":13},"end":{"line":35,"column":null}},"11":{"start":{"line":38,"column":12},"end":{"line":41,"column":null}},"12":{"start":{"line":47,"column":8},"end":{"line":72,"column":9}},"13":{"start":{"line":48,"column":55},"end":{"line":48,"column":63}},"14":{"start":{"line":49,"column":26},"end":{"line":49,"column":36}},"15":{"start":{"line":50,"column":26},"end":{"line":50,"column":55}},"16":{"start":{"line":53,"column":39},"end":{"line":53,"column":122}},"17":{"start":{"line":54,"column":12},"end":{"line":59,"column":13}},"18":{"start":{"line":55,"column":16},"end":{"line":58,"column":null}},"19":{"start":{"line":60,"column":12},"end":{"line":63,"column":null}},"20":{"start":{"line":66,"column":12},"end":{"line":71,"column":null}},"21":{"start":{"line":78,"column":8},"end":{"line":99,"column":9}},"22":{"start":{"line":79,"column":27},"end":{"line":79,"column":37}},"23":{"start":{"line":80,"column":30},"end":{"line":80,"column":54}},"24":{"start":{"line":81,"column":12},"end":{"line":86,"column":13}},"25":{"start":{"line":82,"column":16},"end":{"line":85,"column":null}},"26":{"start":{"line":89,"column":12},"end":{"line":89,"column":46}},"27":{"start":{"line":90,"column":12},"end":{"line":93,"column":null}},"28":{"start":{"line":95,"column":12},"end":{"line":98,"column":null}},"29":{"start":{"line":105,"column":4},"end":{"line":145,"column":5}},"30":{"start":{"line":106,"column":26},"end":{"line":106,"column":34}},"31":{"start":{"line":107,"column":23},"end":{"line":107,"column":33}},"32":{"start":{"line":110,"column":26},"end":{"line":110,"column":50}},"33":{"start":{"line":111,"column":8},"end":{"line":116,"column":9}},"34":{"start":{"line":112,"column":12},"end":{"line":115,"column":null}},"35":{"start":{"line":118,"column":25},"end":{"line":118,"column":56}},"36":{"start":{"line":119,"column":8},"end":{"line":129,"column":9}},"37":{"start":{"line":121,"column":12},"end":{"line":121,"column":71}},"38":{"start":{"line":121,"column":58},"end":{"line":121,"column":69}},"39":{"start":{"line":122,"column":12},"end":{"line":122,"column":35}},"40":{"start":{"line":124,"column":12},"end":{"line":128,"column":15}},"41":{"start":{"line":132,"column":8},"end":{"line":132,"column":null}},"42":{"start":{"line":133,"column":8},"end":{"line":133,"column":null}},"43":{"start":{"line":135,"column":8},"end":{"line":139,"column":11}},"44":{"start":{"line":141,"column":8},"end":{"line":144,"column":null}},"45":{"start":{"line":151,"column":8},"end":{"line":182,"column":9}},"46":{"start":{"line":152,"column":51},"end":{"line":152,"column":59}},"47":{"start":{"line":153,"column":25},"end":{"line":153,"column":35}},"48":{"start":{"line":156,"column":30},"end":{"line":156,"column":54}},"49":{"start":{"line":157,"column":12},"end":{"line":162,"column":13}},"50":{"start":{"line":158,"column":16},"end":{"line":161,"column":null}},"51":{"start":{"line":164,"column":12},"end":{"line":169,"column":13}},"52":{"start":{"line":165,"column":16},"end":{"line":168,"column":null}},"53":{"start":{"line":170,"column":12},"end":{"line":170,"column":67}},"54":{"start":{"line":171,"column":12},"end":{"line":171,"column":null}},"55":{"start":{"line":173,"column":12},"end":{"line":176,"column":null}},"56":{"start":{"line":178,"column":12},"end":{"line":181,"column":null}},"57":{"start":{"line":188,"column":8},"end":{"line":204,"column":9}},"58":{"start":{"line":189,"column":27},"end":{"line":189,"column":45}},"59":{"start":{"line":190,"column":10},"end":{"line":194,"column":9}},"60":{"start":{"line":191,"column":12},"end":{"line":193,"column":15}},"61":{"start":{"line":195,"column":11},"end":{"line":198,"column":13}},"62":{"start":{"line":200,"column":10},"end":{"line":203,"column":13}},"63":{"start":{"line":209,"column":8},"end":{"line":227,"column":9}},"64":{"start":{"line":210,"column":23},"end":{"line":210,"column":33}},"65":{"start":{"line":211,"column":29},"end":{"line":211,"column":59}},"66":{"start":{"line":212,"column":10},"end":{"line":217,"column":11}},"67":{"start":{"line":213,"column":12},"end":{"line":216,"column":null}},"68":{"start":{"line":218,"column":11},"end":{"line":221,"column":13}},"69":{"start":{"line":223,"column":10},"end":{"line":226,"column":13}},"70":{"start":{"line":7,"column":0},"end":{"line":7,"column":21}}},"fnMap":{"0":{"name":"(anonymous_8)","decl":{"start":{"line":8,"column":4},"end":{"line":8,"column":10}},"loc":{"start":{"line":8,"column":58},"end":{"line":43,"column":null}}},"1":{"name":"(anonymous_10)","decl":{"start":{"line":46,"column":4},"end":{"line":46,"column":10}},"loc":{"start":{"line":46,"column":55},"end":{"line":73,"column":null}}},"2":{"name":"(anonymous_12)","decl":{"start":{"line":77,"column":4},"end":{"line":77,"column":10}},"loc":{"start":{"line":77,"column":55},"end":{"line":100,"column":null}}},"3":{"name":"(anonymous_14)","decl":{"start":{"line":104,"column":0},"end":{"line":104,"column":6}},"loc":{"start":{"line":104,"column":49},"end":{"line":146,"column":null}}},"4":{"name":"(anonymous_16)","decl":{"start":{"line":121,"column":53},"end":{"line":121,"column":54}},"loc":{"start":{"line":121,"column":58},"end":{"line":121,"column":69}}},"5":{"name":"(anonymous_17)","decl":{"start":{"line":150,"column":4},"end":{"line":150,"column":10}},"loc":{"start":{"line":150,"column":56},"end":{"line":183,"column":null}}},"6":{"name":"(anonymous_19)","decl":{"start":{"line":187,"column":4},"end":{"line":187,"column":10}},"loc":{"start":{"line":187,"column":56},"end":{"line":205,"column":null}}},"7":{"name":"(anonymous_21)","decl":{"start":{"line":208,"column":4},"end":{"line":208,"column":10}},"loc":{"start":{"line":208,"column":58},"end":{"line":228,"column":null}}}},"branchMap":{"0":{"loc":{"start":{"line":11,"column":26},"end":{"line":11,"column":55}},"type":"cond-expr","locations":[{"start":{"line":11,"column":36},"end":{"line":11,"column":49}},{"start":{"line":11,"column":51},"end":{"line":11,"column":55}}]},"1":{"loc":{"start":{"line":14,"column":12},"end":{"line":19,"column":13}},"type":"if","locations":[{"start":{"line":14,"column":12},"end":{"line":19,"column":13}}]},"2":{"loc":{"start":{"line":50,"column":26},"end":{"line":50,"column":55}},"type":"cond-expr","locations":[{"start":{"line":50,"column":36},"end":{"line":50,"column":49}},{"start":{"line":50,"column":51},"end":{"line":50,"column":55}}]},"3":{"loc":{"start":{"line":54,"column":12},"end":{"line":59,"column":13}},"type":"if","locations":[{"start":{"line":54,"column":12},"end":{"line":59,"column":13}}]},"4":{"loc":{"start":{"line":81,"column":12},"end":{"line":86,"column":13}},"type":"if","locations":[{"start":{"line":81,"column":12},"end":{"line":86,"column":13}}]},"5":{"loc":{"start":{"line":111,"column":8},"end":{"line":116,"column":9}},"type":"if","locations":[{"start":{"line":111,"column":8},"end":{"line":116,"column":9}}]},"6":{"loc":{"start":{"line":119,"column":8},"end":{"line":129,"column":9}},"type":"if","locations":[{"start":{"line":119,"column":8},"end":{"line":129,"column":9}}]},"7":{"loc":{"start":{"line":157,"column":12},"end":{"line":162,"column":13}},"type":"if","locations":[{"start":{"line":157,"column":12},"end":{"line":162,"column":13}}]},"8":{"loc":{"start":{"line":164,"column":12},"end":{"line":169,"column":13}},"type":"if","locations":[{"start":{"line":164,"column":12},"end":{"line":169,"column":13}}]},"9":{"loc":{"start":{"line":164,"column":15},"end":{"line":164,"column":33}},"type":"binary-expr","locations":[{"start":{"line":164,"column":15},"end":{"line":164,"column":21}},{"start":{"line":164,"column":25},"end":{"line":164,"column":33}}]},"10":{"loc":{"start":{"line":190,"column":10},"end":{"line":194,"column":9}},"type":"if","locations":[{"start":{"line":190,"column":10},"end":{"line":194,"column":9}}]},"11":{"loc":{"start":{"line":212,"column":10},"end":{"line":217,"column":11}},"type":"if","locations":[{"start":{"line":212,"column":10},"end":{"line":217,"column":11}}]}},"s":{"0":6,"1":6,"2":4,"3":4,"4":4,"5":4,"6":4,"7":2,"8":2,"9":2,"10":1,"11":1,"12":3,"13":3,"14":3,"15":3,"16":3,"17":2,"18":1,"19":1,"20":1,"21":3,"22":3,"23":3,"24":3,"25":1,"26":2,"27":1,"28":1,"29":4,"30":4,"31":4,"32":4,"33":4,"34":1,"35":3,"36":3,"37":1,"38":1,"39":1,"40":1,"41":2,"42":2,"43":1,"44":1,"45":4,"46":4,"47":4,"48":4,"49":4,"50":1,"51":3,"52":1,"53":2,"54":2,"55":1,"56":1,"57":3,"58":3,"59":2,"60":1,"61":1,"62":1,"63":0,"64":0,"65":0,"66":0,"67":0,"68":0,"69":0,"70":6},"f":{"0":4,"1":3,"2":3,"3":4,"4":1,"5":4,"6":3,"7":0},"b":{"0":[0,4],"1":[2],"2":[0,3],"3":[1],"4":[1],"5":[1],"6":[1],"7":[1],"8":[1],"9":[3,3],"10":[1],"11":[0]}}
,"E:\\apps\\Learnings\\Brand_Backend\\src\\controllers\\Login.ts": {"path":"E:\\apps\\Learnings\\Brand_Backend\\src\\controllers\\Login.ts","statementMap":{"0":{"start":{"line":2,"column":0},"end":{"line":2,"column":35}},"1":{"start":{"line":3,"column":0},"end":{"line":3,"column":42}},"2":{"start":{"line":8,"column":4},"end":{"line":38,"column":5}},"3":{"start":{"line":9,"column":34},"end":{"line":9,"column":42}},"4":{"start":{"line":12,"column":19},"end":{"line":12,"column":48}},"5":{"start":{"line":13,"column":6},"end":{"line":18,"column":7}},"6":{"start":{"line":14,"column":9},"end":{"line":17,"column":11}},"7":{"start":{"line":20,"column":8},"end":{"line":31,"column":9}},"8":{"start":{"line":22,"column":35},"end":{"line":22,"column":67}},"9":{"start":{"line":23,"column":24},"end":{"line":23,"column":77}},"10":{"start":{"line":24,"column":10},"end":{"line":28,"column":15}},"11":{"start":{"line":30,"column":11},"end":{"line":30,"column":78}},"12":{"start":{"line":34,"column":8},"end":{"line":37,"column":null}},"13":{"start":{"line":6,"column":0},"end":{"line":6,"column":21}}},"fnMap":{"0":{"name":"(anonymous_8)","decl":{"start":{"line":7,"column":2},"end":{"line":7,"column":8}},"loc":{"start":{"line":7,"column":52},"end":{"line":39,"column":null}}}},"branchMap":{"0":{"loc":{"start":{"line":13,"column":6},"end":{"line":18,"column":7}},"type":"if","locations":[{"start":{"line":13,"column":6},"end":{"line":18,"column":7}}]},"1":{"loc":{"start":{"line":20,"column":8},"end":{"line":31,"column":9}},"type":"if","locations":[{"start":{"line":20,"column":8},"end":{"line":31,"column":9}},{"start":{"line":29,"column":15},"end":{"line":31,"column":9}}]},"2":{"loc":{"start":{"line":20,"column":12},"end":{"line":20,"column":58}},"type":"binary-expr","locations":[{"start":{"line":20,"column":12},"end":{"line":20,"column":16}},{"start":{"line":20,"column":21},"end":{"line":20,"column":57}}]}},"s":{"0":6,"1":6,"2":2,"3":2,"4":2,"5":1,"6":0,"7":1,"8":0,"9":0,"10":0,"11":1,"12":1,"13":6},"f":{"0":2},"b":{"0":[0],"1":[0,1],"2":[1,1]}}
,"E:\\apps\\Learnings\\Brand_Backend\\src\\controllers\\Messages.ts": {"path":"E:\\apps\\Learnings\\Brand_Backend\\src\\controllers\\Messages.ts","statementMap":{"0":{"start":{"line":2,"column":0},"end":{"line":2,"column":42}},"1":{"start":{"line":4,"column":0},"end":{"line":4,"column":61}},"2":{"start":{"line":10,"column":8},"end":{"line":45,"column":9}},"3":{"start":{"line":11,"column":45},"end":{"line":11,"column":53}},"4":{"start":{"line":13,"column":30},"end":{"line":13,"column":62}},"5":{"start":{"line":14,"column":12},"end":{"line":19,"column":13}},"6":{"start":{"line":15,"column":16},"end":{"line":18,"column":19}},"7":{"start":{"line":21,"column":34},"end":{"line":21,"column":67}},"8":{"start":{"line":23,"column":12},"end":{"line":35,"column":13}},"9":{"start":{"line":25,"column":35},"end":{"line":29,"column":18}},"10":{"start":{"line":31,"column":16},"end":{"line":31,"column":40}},"11":{"start":{"line":33,"column":16},"end":{"line":33,"column":55}},"12":{"start":{"line":34,"column":16},"end":{"line":34,"column":45}},"13":{"start":{"line":37,"column":12},"end":{"line":39,"column":15}},"14":{"start":{"line":41,"column":12},"end":{"line":44,"column":15}},"15":{"start":{"line":50,"column":8},"end":{"line":65,"column":9}},"16":{"start":{"line":51,"column":30},"end":{"line":51,"column":51}},"17":{"start":{"line":52,"column":10},"end":{"line":56,"column":11}},"18":{"start":{"line":53,"column":12},"end":{"line":55,"column":null}},"19":{"start":{"line":57,"column":10},"end":{"line":60,"column":13}},"20":{"start":{"line":62,"column":11},"end":{"line":64,"column":13}},"21":{"start":{"line":70,"column":8},"end":{"line":92,"column":9}},"22":{"start":{"line":71,"column":25},"end":{"line":71,"column":35}},"23":{"start":{"line":74,"column":33},"end":{"line":74,"column":60}},"24":{"start":{"line":75,"column":12},"end":{"line":79,"column":13}},"25":{"start":{"line":76,"column":15},"end":{"line":78,"column":null}},"26":{"start":{"line":82,"column":12},"end":{"line":82,"column":49}},"27":{"start":{"line":83,"column":12},"end":{"line":85,"column":null}},"28":{"start":{"line":88,"column":12},"end":{"line":91,"column":null}},"29":{"start":{"line":97,"column":16},"end":{"line":126,"column":17}},"30":{"start":{"line":98,"column":37},"end":{"line":98,"column":45}},"31":{"start":{"line":99,"column":35},"end":{"line":99,"column":45}},"32":{"start":{"line":101,"column":20},"end":{"line":106,"column":21}},"33":{"start":{"line":102,"column":24},"end":{"line":105,"column":27}},"34":{"start":{"line":108,"column":43},"end":{"line":108,"column":104}},"35":{"start":{"line":110,"column":20},"end":{"line":115,"column":21}},"36":{"start":{"line":111,"column":24},"end":{"line":114,"column":27}},"37":{"start":{"line":117,"column":20},"end":{"line":120,"column":23}},"38":{"start":{"line":122,"column":20},"end":{"line":125,"column":23}},"39":{"start":{"line":8,"column":0},"end":{"line":8,"column":21}}},"fnMap":{"0":{"name":"(anonymous_8)","decl":{"start":{"line":9,"column":5},"end":{"line":9,"column":11}},"loc":{"start":{"line":9,"column":57},"end":{"line":46,"column":null}}},"1":{"name":"(anonymous_10)","decl":{"start":{"line":49,"column":4},"end":{"line":49,"column":10}},"loc":{"start":{"line":49,"column":59},"end":{"line":66,"column":null}}},"2":{"name":"(anonymous_12)","decl":{"start":{"line":69,"column":4},"end":{"line":69,"column":10}},"loc":{"start":{"line":69,"column":58},"end":{"line":93,"column":null}}},"3":{"name":"(anonymous_14)","decl":{"start":{"line":96,"column":5},"end":{"line":96,"column":11}},"loc":{"start":{"line":96,"column":57},"end":{"line":127,"column":null}}}},"branchMap":{"0":{"loc":{"start":{"line":14,"column":12},"end":{"line":19,"column":13}},"type":"if","locations":[{"start":{"line":14,"column":12},"end":{"line":19,"column":13}}]},"1":{"loc":{"start":{"line":23,"column":12},"end":{"line":35,"column":13}},"type":"if","locations":[{"start":{"line":23,"column":12},"end":{"line":35,"column":13}},{"start":{"line":32,"column":19},"end":{"line":35,"column":13}}]},"2":{"loc":{"start":{"line":52,"column":10},"end":{"line":56,"column":11}},"type":"if","locations":[{"start":{"line":52,"column":10},"end":{"line":56,"column":11}}]},"3":{"loc":{"start":{"line":75,"column":12},"end":{"line":79,"column":13}},"type":"if","locations":[{"start":{"line":75,"column":12},"end":{"line":79,"column":13}}]},"4":{"loc":{"start":{"line":101,"column":20},"end":{"line":106,"column":21}},"type":"if","locations":[{"start":{"line":101,"column":20},"end":{"line":106,"column":21}}]},"5":{"loc":{"start":{"line":110,"column":20},"end":{"line":115,"column":21}},"type":"if","locations":[{"start":{"line":110,"column":20},"end":{"line":115,"column":21}}]}},"s":{"0":6,"1":6,"2":2,"3":2,"4":2,"5":2,"6":1,"7":1,"8":1,"9":1,"10":1,"11":0,"12":0,"13":0,"14":1,"15":2,"16":2,"17":1,"18":0,"19":1,"20":1,"21":3,"22":3,"23":3,"24":3,"25":1,"26":2,"27":1,"28":1,"29":4,"30":4,"31":4,"32":4,"33":1,"34":3,"35":2,"36":1,"37":1,"38":1,"39":6},"f":{"0":2,"1":2,"2":3,"3":4},"b":{"0":[1],"1":[1,0],"2":[0],"3":[1],"4":[1],"5":[1]}}
,"E:\\apps\\Learnings\\Brand_Backend\\src\\controllers\\Projects.ts": {"path":"E:\\apps\\Learnings\\Brand_Backend\\src\\controllers\\Projects.ts","statementMap":{"0":{"start":{"line":3,"column":0},"end":{"line":3,"column":42}},"1":{"start":{"line":4,"column":0},"end":{"line":4,"column":63}},"2":{"start":{"line":8,"column":8},"end":{"line":43,"column":9}},"3":{"start":{"line":9,"column":71},"end":{"line":9,"column":79}},"4":{"start":{"line":10,"column":26},"end":{"line":10,"column":56}},"5":{"start":{"line":13,"column":30},"end":{"line":13,"column":97}},"6":{"start":{"line":14,"column":12},"end":{"line":20,"column":13}},"7":{"start":{"line":15,"column":16},"end":{"line":19,"column":19}},"8":{"start":{"line":23,"column":31},"end":{"line":29,"column":14}},"9":{"start":{"line":32,"column":12},"end":{"line":32,"column":null}},"10":{"start":{"line":33,"column":12},"end":{"line":36,"column":null}},"11":{"start":{"line":38,"column":12},"end":{"line":38,"column":null}},"12":{"start":{"line":39,"column":12},"end":{"line":42,"column":null}},"13":{"start":{"line":48,"column":12},"end":{"line":84,"column":13}},"14":{"start":{"line":49,"column":75},"end":{"line":49,"column":83}},"15":{"start":{"line":50,"column":30},"end":{"line":50,"column":40}},"16":{"start":{"line":51,"column":30},"end":{"line":51,"column":59}},"17":{"start":{"line":64,"column":46},"end":{"line":64,"column":140}},"18":{"start":{"line":65,"column":16},"end":{"line":71,"column":17}},"19":{"start":{"line":66,"column":20},"end":{"line":70,"column":null}},"20":{"start":{"line":72,"column":16},"end":{"line":75,"column":null}},"21":{"start":{"line":78,"column":16},"end":{"line":83,"column":null}},"22":{"start":{"line":89,"column":8},"end":{"line":111,"column":9}},"23":{"start":{"line":90,"column":25},"end":{"line":90,"column":35}},"24":{"start":{"line":91,"column":33},"end":{"line":91,"column":60}},"25":{"start":{"line":92,"column":12},"end":{"line":97,"column":13}},"26":{"start":{"line":93,"column":16},"end":{"line":96,"column":null}},"27":{"start":{"line":100,"column":12},"end":{"line":100,"column":49}},"28":{"start":{"line":101,"column":12},"end":{"line":105,"column":null}},"29":{"start":{"line":107,"column":12},"end":{"line":110,"column":null}},"30":{"start":{"line":117,"column":8},"end":{"line":133,"column":9}},"31":{"start":{"line":118,"column":30},"end":{"line":118,"column":51}},"32":{"start":{"line":119,"column":10},"end":{"line":123,"column":9}},"33":{"start":{"line":120,"column":12},"end":{"line":122,"column":15}},"34":{"start":{"line":124,"column":11},"end":{"line":127,"column":13}},"35":{"start":{"line":129,"column":10},"end":{"line":132,"column":13}},"36":{"start":{"line":138,"column":8},"end":{"line":154,"column":9}},"37":{"start":{"line":139,"column":23},"end":{"line":139,"column":33}},"38":{"start":{"line":140,"column":32},"end":{"line":140,"column":65}},"39":{"start":{"line":141,"column":10},"end":{"line":145,"column":11}},"40":{"start":{"line":142,"column":12},"end":{"line":144,"column":null}},"41":{"start":{"line":146,"column":11},"end":{"line":149,"column":13}},"42":{"start":{"line":151,"column":10},"end":{"line":153,"column":13}},"43":{"start":{"line":6,"column":0},"end":{"line":6,"column":21}}},"fnMap":{"0":{"name":"(anonymous_8)","decl":{"start":{"line":7,"column":4},"end":{"line":7,"column":10}},"loc":{"start":{"line":7,"column":58},"end":{"line":44,"column":null}}},"1":{"name":"(anonymous_10)","decl":{"start":{"line":47,"column":8},"end":{"line":47,"column":14}},"loc":{"start":{"line":47,"column":62},"end":{"line":85,"column":null}}},"2":{"name":"(anonymous_12)","decl":{"start":{"line":88,"column":4},"end":{"line":88,"column":10}},"loc":{"start":{"line":88,"column":58},"end":{"line":112,"column":null}}},"3":{"name":"(anonymous_14)","decl":{"start":{"line":116,"column":4},"end":{"line":116,"column":10}},"loc":{"start":{"line":116,"column":59},"end":{"line":134,"column":null}}},"4":{"name":"(anonymous_16)","decl":{"start":{"line":137,"column":4},"end":{"line":137,"column":10}},"loc":{"start":{"line":137,"column":61},"end":{"line":155,"column":null}}}},"branchMap":{"0":{"loc":{"start":{"line":10,"column":26},"end":{"line":10,"column":56}},"type":"cond-expr","locations":[{"start":{"line":10,"column":36},"end":{"line":10,"column":49}},{"start":{"line":10,"column":52},"end":{"line":10,"column":56}}]},"1":{"loc":{"start":{"line":14,"column":12},"end":{"line":20,"column":13}},"type":"if","locations":[{"start":{"line":14,"column":12},"end":{"line":20,"column":13}}]},"2":{"loc":{"start":{"line":51,"column":30},"end":{"line":51,"column":59}},"type":"cond-expr","locations":[{"start":{"line":51,"column":40},"end":{"line":51,"column":53}},{"start":{"line":51,"column":55},"end":{"line":51,"column":59}}]},"3":{"loc":{"start":{"line":65,"column":16},"end":{"line":71,"column":17}},"type":"if","locations":[{"start":{"line":65,"column":16},"end":{"line":71,"column":17}}]},"4":{"loc":{"start":{"line":92,"column":12},"end":{"line":97,"column":13}},"type":"if","locations":[{"start":{"line":92,"column":12},"end":{"line":97,"column":13}}]},"5":{"loc":{"start":{"line":119,"column":10},"end":{"line":123,"column":9}},"type":"if","locations":[{"start":{"line":119,"column":10},"end":{"line":123,"column":9}}]},"6":{"loc":{"start":{"line":141,"column":10},"end":{"line":145,"column":11}},"type":"if","locations":[{"start":{"line":141,"column":10},"end":{"line":145,"column":11}}]}},"s":{"0":6,"1":6,"2":3,"3":3,"4":3,"5":3,"6":3,"7":3,"8":0,"9":0,"10":0,"11":0,"12":0,"13":3,"14":3,"15":3,"16":3,"17":3,"18":2,"19":1,"20":1,"21":1,"22":3,"23":3,"24":3,"25":3,"26":1,"27":2,"28":1,"29":1,"30":3,"31":3,"32":2,"33":1,"34":1,"35":1,"36":3,"37":3,"38":3,"39":2,"40":1,"41":1,"42":1,"43":6},"f":{"0":3,"1":3,"2":3,"3":3,"4":3},"b":{"0":[0,3],"1":[3],"2":[0,3],"3":[1],"4":[1],"5":[1],"6":[1]}}
,"E:\\apps\\Learnings\\Brand_Backend\\src\\controllers\\Skills.ts": {"path":"E:\\apps\\Learnings\\Brand_Backend\\src\\controllers\\Skills.ts","statementMap":{"0":{"start":{"line":3,"column":0},"end":{"line":3,"column":38}},"1":{"start":{"line":4,"column":0},"end":{"line":4,"column":59}},"2":{"start":{"line":8,"column":8},"end":{"line":41,"column":9}},"3":{"start":{"line":9,"column":63},"end":{"line":9,"column":71}},"4":{"start":{"line":10,"column":25},"end":{"line":10,"column":55}},"5":{"start":{"line":13,"column":30},"end":{"line":13,"column":87}},"6":{"start":{"line":14,"column":12},"end":{"line":19,"column":13}},"7":{"start":{"line":15,"column":16},"end":{"line":18,"column":19}},"8":{"start":{"line":22,"column":29},"end":{"line":27,"column":14}},"9":{"start":{"line":30,"column":12},"end":{"line":30,"column":null}},"10":{"start":{"line":31,"column":12},"end":{"line":34,"column":null}},"11":{"start":{"line":36,"column":12},"end":{"line":36,"column":null}},"12":{"start":{"line":37,"column":12},"end":{"line":40,"column":null}},"13":{"start":{"line":46,"column":12},"end":{"line":71,"column":13}},"14":{"start":{"line":47,"column":67},"end":{"line":47,"column":75}},"15":{"start":{"line":48,"column":30},"end":{"line":48,"column":40}},"16":{"start":{"line":49,"column":29},"end":{"line":49,"column":58}},"17":{"start":{"line":52,"column":44},"end":{"line":52,"column":128}},"18":{"start":{"line":53,"column":16},"end":{"line":58,"column":17}},"19":{"start":{"line":54,"column":20},"end":{"line":57,"column":null}},"20":{"start":{"line":59,"column":16},"end":{"line":62,"column":null}},"21":{"start":{"line":65,"column":16},"end":{"line":70,"column":null}},"22":{"start":{"line":76,"column":8},"end":{"line":98,"column":9}},"23":{"start":{"line":77,"column":25},"end":{"line":77,"column":35}},"24":{"start":{"line":78,"column":31},"end":{"line":78,"column":56}},"25":{"start":{"line":79,"column":12},"end":{"line":84,"column":13}},"26":{"start":{"line":80,"column":16},"end":{"line":83,"column":null}},"27":{"start":{"line":87,"column":12},"end":{"line":87,"column":47}},"28":{"start":{"line":88,"column":12},"end":{"line":92,"column":null}},"29":{"start":{"line":94,"column":12},"end":{"line":97,"column":null}},"30":{"start":{"line":103,"column":17},"end":{"line":103,"column":27}},"31":{"start":{"line":104,"column":4},"end":{"line":120,"column":5}},"32":{"start":{"line":105,"column":22},"end":{"line":105,"column":47}},"33":{"start":{"line":106,"column":8},"end":{"line":110,"column":9}},"34":{"start":{"line":107,"column":12},"end":{"line":109,"column":15}},"35":{"start":{"line":111,"column":8},"end":{"line":114,"column":11}},"36":{"start":{"line":116,"column":8},"end":{"line":119,"column":11}},"37":{"start":{"line":126,"column":8},"end":{"line":142,"column":9}},"38":{"start":{"line":127,"column":28},"end":{"line":127,"column":47}},"39":{"start":{"line":128,"column":10},"end":{"line":132,"column":9}},"40":{"start":{"line":129,"column":12},"end":{"line":131,"column":15}},"41":{"start":{"line":133,"column":11},"end":{"line":136,"column":13}},"42":{"start":{"line":138,"column":10},"end":{"line":141,"column":13}},"43":{"start":{"line":6,"column":0},"end":{"line":6,"column":21}}},"fnMap":{"0":{"name":"(anonymous_8)","decl":{"start":{"line":7,"column":4},"end":{"line":7,"column":10}},"loc":{"start":{"line":7,"column":56},"end":{"line":42,"column":null}}},"1":{"name":"(anonymous_10)","decl":{"start":{"line":45,"column":4},"end":{"line":45,"column":10}},"loc":{"start":{"line":45,"column":56},"end":{"line":72,"column":null}}},"2":{"name":"(anonymous_12)","decl":{"start":{"line":75,"column":4},"end":{"line":75,"column":10}},"loc":{"start":{"line":75,"column":56},"end":{"line":99,"column":null}}},"3":{"name":"(anonymous_14)","decl":{"start":{"line":102,"column":0},"end":{"line":102,"column":6}},"loc":{"start":{"line":102,"column":53},"end":{"line":121,"column":null}}},"4":{"name":"(anonymous_16)","decl":{"start":{"line":125,"column":0},"end":{"line":125,"column":6}},"loc":{"start":{"line":125,"column":53},"end":{"line":143,"column":null}}}},"branchMap":{"0":{"loc":{"start":{"line":10,"column":25},"end":{"line":10,"column":55}},"type":"cond-expr","locations":[{"start":{"line":10,"column":35},"end":{"line":10,"column":48}},{"start":{"line":10,"column":51},"end":{"line":10,"column":55}}]},"1":{"loc":{"start":{"line":14,"column":12},"end":{"line":19,"column":13}},"type":"if","locations":[{"start":{"line":14,"column":12},"end":{"line":19,"column":13}}]},"2":{"loc":{"start":{"line":49,"column":29},"end":{"line":49,"column":58}},"type":"cond-expr","locations":[{"start":{"line":49,"column":39},"end":{"line":49,"column":52}},{"start":{"line":49,"column":54},"end":{"line":49,"column":58}}]},"3":{"loc":{"start":{"line":53,"column":16},"end":{"line":58,"column":17}},"type":"if","locations":[{"start":{"line":53,"column":16},"end":{"line":58,"column":17}}]},"4":{"loc":{"start":{"line":79,"column":12},"end":{"line":84,"column":13}},"type":"if","locations":[{"start":{"line":79,"column":12},"end":{"line":84,"column":13}}]},"5":{"loc":{"start":{"line":106,"column":8},"end":{"line":110,"column":9}},"type":"if","locations":[{"start":{"line":106,"column":8},"end":{"line":110,"column":9}}]},"6":{"loc":{"start":{"line":128,"column":10},"end":{"line":132,"column":9}},"type":"if","locations":[{"start":{"line":128,"column":10},"end":{"line":132,"column":9}}]}},"s":{"0":6,"1":6,"2":2,"3":2,"4":2,"5":2,"6":2,"7":2,"8":0,"9":0,"10":0,"11":0,"12":0,"13":3,"14":3,"15":3,"16":3,"17":3,"18":2,"19":1,"20":1,"21":1,"22":3,"23":3,"24":3,"25":3,"26":1,"27":2,"28":1,"29":1,"30":0,"31":0,"32":0,"33":0,"34":0,"35":0,"36":0,"37":3,"38":3,"39":2,"40":1,"41":1,"42":1,"43":6},"f":{"0":2,"1":3,"2":3,"3":0,"4":3},"b":{"0":[0,2],"1":[2],"2":[0,3],"3":[1],"4":[1],"5":[0],"6":[1]}}
,"E:\\apps\\Learnings\\Brand_Backend\\src\\controllers\\Subscribe.ts": {"path":"E:\\apps\\Learnings\\Brand_Backend\\src\\controllers\\Subscribe.ts","statementMap":{"0":{"start":{"line":3,"column":0},"end":{"line":3,"column":48}},"1":{"start":{"line":9,"column":8},"end":{"line":36,"column":9}},"2":{"start":{"line":10,"column":48},"end":{"line":10,"column":56}},"3":{"start":{"line":11,"column":12},"end":{"line":16,"column":13}},"4":{"start":{"line":12,"column":15},"end":{"line":15,"column":null}},"5":{"start":{"line":18,"column":31},"end":{"line":18,"column":72}},"6":{"start":{"line":19,"column":12},"end":{"line":23,"column":13}},"7":{"start":{"line":20,"column":16},"end":{"line":22,"column":null}},"8":{"start":{"line":26,"column":27},"end":{"line":26,"column":51}},"9":{"start":{"line":28,"column":12},"end":{"line":28,"column":32}},"10":{"start":{"line":29,"column":12},"end":{"line":31,"column":null}},"11":{"start":{"line":33,"column":11},"end":{"line":35,"column":null}},"12":{"start":{"line":41,"column":8},"end":{"line":56,"column":9}},"13":{"start":{"line":42,"column":26},"end":{"line":42,"column":50}},"14":{"start":{"line":43,"column":10},"end":{"line":47,"column":11}},"15":{"start":{"line":44,"column":12},"end":{"line":46,"column":null}},"16":{"start":{"line":48,"column":10},"end":{"line":51,"column":13}},"17":{"start":{"line":53,"column":11},"end":{"line":55,"column":13}},"18":{"start":{"line":61,"column":8},"end":{"line":84,"column":9}},"19":{"start":{"line":62,"column":25},"end":{"line":62,"column":35}},"20":{"start":{"line":65,"column":29},"end":{"line":65,"column":59}},"21":{"start":{"line":66,"column":12},"end":{"line":70,"column":13}},"22":{"start":{"line":67,"column":15},"end":{"line":69,"column":null}},"23":{"start":{"line":73,"column":12},"end":{"line":73,"column":52}},"24":{"start":{"line":74,"column":12},"end":{"line":76,"column":null}},"25":{"start":{"line":79,"column":12},"end":{"line":79,"column":39}},"26":{"start":{"line":80,"column":12},"end":{"line":83,"column":null}},"27":{"start":{"line":7,"column":0},"end":{"line":7,"column":21}}},"fnMap":{"0":{"name":"(anonymous_8)","decl":{"start":{"line":8,"column":4},"end":{"line":8,"column":10}},"loc":{"start":{"line":8,"column":54},"end":{"line":37,"column":null}}},"1":{"name":"(anonymous_10)","decl":{"start":{"line":40,"column":4},"end":{"line":40,"column":10}},"loc":{"start":{"line":40,"column":55},"end":{"line":57,"column":null}}},"2":{"name":"(anonymous_12)","decl":{"start":{"line":60,"column":4},"end":{"line":60,"column":10}},"loc":{"start":{"line":60,"column":54},"end":{"line":85,"column":null}}}},"branchMap":{"0":{"loc":{"start":{"line":11,"column":12},"end":{"line":16,"column":13}},"type":"if","locations":[{"start":{"line":11,"column":12},"end":{"line":16,"column":13}}]},"1":{"loc":{"start":{"line":19,"column":12},"end":{"line":23,"column":13}},"type":"if","locations":[{"start":{"line":19,"column":12},"end":{"line":23,"column":13}}]},"2":{"loc":{"start":{"line":43,"column":10},"end":{"line":47,"column":11}},"type":"if","locations":[{"start":{"line":43,"column":10},"end":{"line":47,"column":11}}]},"3":{"loc":{"start":{"line":66,"column":12},"end":{"line":70,"column":13}},"type":"if","locations":[{"start":{"line":66,"column":12},"end":{"line":70,"column":13}}]}},"s":{"0":6,"1":0,"2":0,"3":0,"4":0,"5":0,"6":0,"7":0,"8":0,"9":0,"10":0,"11":0,"12":0,"13":0,"14":0,"15":0,"16":0,"17":0,"18":0,"19":0,"20":0,"21":0,"22":0,"23":0,"24":0,"25":0,"26":0,"27":6},"f":{"0":0,"1":0,"2":0},"b":{"0":[0],"1":[0],"2":[0],"3":[0]}}
,"E:\\apps\\Learnings\\Brand_Backend\\src\\controllers\\userRegistration.ts": {"path":"E:\\apps\\Learnings\\Brand_Backend\\src\\controllers\\userRegistration.ts","statementMap":{"0":{"start":{"line":2,"column":0},"end":{"line":2,"column":37}},"1":{"start":{"line":3,"column":0},"end":{"line":3,"column":27}},"2":{"start":{"line":4,"column":0},"end":{"line":4,"column":60}},"3":{"start":{"line":16,"column":8},"end":{"line":53,"column":9}},"4":{"start":{"line":17,"column":69},"end":{"line":17,"column":77}},"5":{"start":{"line":18,"column":36},"end":{"line":18,"column":71}},"6":{"start":{"line":19,"column":12},"end":{"line":24,"column":13}},"7":{"start":{"line":20,"column":16},"end":{"line":23,"column":null}},"8":{"start":{"line":26,"column":30},"end":{"line":26,"column":59}},"9":{"start":{"line":27,"column":12},"end":{"line":32,"column":13}},"10":{"start":{"line":28,"column":14},"end":{"line":31,"column":null}},"11":{"start":{"line":35,"column":35},"end":{"line":35,"column":64}},"12":{"start":{"line":36,"column":28},"end":{"line":42,"column":null}},"13":{"start":{"line":45,"column":12},"end":{"line":45,"column":33}},"14":{"start":{"line":46,"column":13},"end":{"line":48,"column":null}},"15":{"start":{"line":50,"column":12},"end":{"line":52,"column":null}},"16":{"start":{"line":58,"column":8},"end":{"line":73,"column":9}},"17":{"start":{"line":59,"column":27},"end":{"line":59,"column":65}},"18":{"start":{"line":60,"column":10},"end":{"line":64,"column":11}},"19":{"start":{"line":61,"column":12},"end":{"line":63,"column":null}},"20":{"start":{"line":65,"column":11},"end":{"line":68,"column":13}},"21":{"start":{"line":70,"column":10},"end":{"line":72,"column":13}},"22":{"start":{"line":78,"column":8},"end":{"line":94,"column":9}},"23":{"start":{"line":79,"column":23},"end":{"line":79,"column":33}},"24":{"start":{"line":80,"column":29},"end":{"line":80,"column":79}},"25":{"start":{"line":81,"column":10},"end":{"line":85,"column":11}},"26":{"start":{"line":82,"column":12},"end":{"line":84,"column":null}},"27":{"start":{"line":86,"column":10},"end":{"line":89,"column":13}},"28":{"start":{"line":91,"column":10},"end":{"line":93,"column":13}},"29":{"start":{"line":99,"column":8},"end":{"line":138,"column":9}},"30":{"start":{"line":100,"column":37},"end":{"line":100,"column":45}},"31":{"start":{"line":101,"column":23},"end":{"line":101,"column":33}},"32":{"start":{"line":103,"column":34},"end":{"line":103,"column":63}},"33":{"start":{"line":104,"column":10},"end":{"line":108,"column":11}},"34":{"start":{"line":105,"column":14},"end":{"line":107,"column":null}},"35":{"start":{"line":110,"column":10},"end":{"line":112,"column":11}},"36":{"start":{"line":111,"column":12},"end":{"line":111,"column":77}},"37":{"start":{"line":114,"column":28},"end":{"line":114,"column":57}},"38":{"start":{"line":115,"column":10},"end":{"line":120,"column":11}},"39":{"start":{"line":116,"column":12},"end":{"line":119,"column":null}},"40":{"start":{"line":122,"column":30},"end":{"line":122,"column":89}},"41":{"start":{"line":123,"column":10},"end":{"line":127,"column":11}},"42":{"start":{"line":124,"column":12},"end":{"line":126,"column":null}},"43":{"start":{"line":129,"column":10},"end":{"line":133,"column":13}},"44":{"start":{"line":135,"column":10},"end":{"line":137,"column":13}},"45":{"start":{"line":142,"column":8},"end":{"line":164,"column":9}},"46":{"start":{"line":143,"column":25},"end":{"line":143,"column":35}},"47":{"start":{"line":146,"column":30},"end":{"line":146,"column":54}},"48":{"start":{"line":147,"column":12},"end":{"line":151,"column":13}},"49":{"start":{"line":148,"column":16},"end":{"line":150,"column":null}},"50":{"start":{"line":154,"column":12},"end":{"line":154,"column":46}},"51":{"start":{"line":155,"column":12},"end":{"line":158,"column":null}},"52":{"start":{"line":161,"column":10},"end":{"line":163,"column":null}},"53":{"start":{"line":14,"column":0},"end":{"line":14,"column":21}}},"fnMap":{"0":{"name":"(anonymous_8)","decl":{"start":{"line":15,"column":4},"end":{"line":15,"column":10}},"loc":{"start":{"line":15,"column":61},"end":{"line":54,"column":null}}},"1":{"name":"(anonymous_10)","decl":{"start":{"line":57,"column":4},"end":{"line":57,"column":10}},"loc":{"start":{"line":57,"column":56},"end":{"line":74,"column":null}}},"2":{"name":"(anonymous_12)","decl":{"start":{"line":77,"column":4},"end":{"line":77,"column":10}},"loc":{"start":{"line":77,"column":58},"end":{"line":95,"column":null}}},"3":{"name":"(anonymous_14)","decl":{"start":{"line":98,"column":4},"end":{"line":98,"column":10}},"loc":{"start":{"line":98,"column":55},"end":{"line":139,"column":null}}},"4":{"name":"(anonymous_16)","decl":{"start":{"line":141,"column":4},"end":{"line":141,"column":10}},"loc":{"start":{"line":141,"column":55},"end":{"line":165,"column":null}}}},"branchMap":{"0":{"loc":{"start":{"line":19,"column":12},"end":{"line":24,"column":13}},"type":"if","locations":[{"start":{"line":19,"column":12},"end":{"line":24,"column":13}}]},"1":{"loc":{"start":{"line":27,"column":12},"end":{"line":32,"column":13}},"type":"if","locations":[{"start":{"line":27,"column":12},"end":{"line":32,"column":13}}]},"2":{"loc":{"start":{"line":60,"column":10},"end":{"line":64,"column":11}},"type":"if","locations":[{"start":{"line":60,"column":10},"end":{"line":64,"column":11}}]},"3":{"loc":{"start":{"line":81,"column":10},"end":{"line":85,"column":11}},"type":"if","locations":[{"start":{"line":81,"column":10},"end":{"line":85,"column":11}}]},"4":{"loc":{"start":{"line":104,"column":10},"end":{"line":108,"column":11}},"type":"if","locations":[{"start":{"line":104,"column":10},"end":{"line":108,"column":11}}]},"5":{"loc":{"start":{"line":110,"column":10},"end":{"line":112,"column":11}},"type":"if","locations":[{"start":{"line":110,"column":10},"end":{"line":112,"column":11}}]},"6":{"loc":{"start":{"line":115,"column":10},"end":{"line":120,"column":11}},"type":"if","locations":[{"start":{"line":115,"column":10},"end":{"line":120,"column":11}}]},"7":{"loc":{"start":{"line":123,"column":10},"end":{"line":127,"column":11}},"type":"if","locations":[{"start":{"line":123,"column":10},"end":{"line":127,"column":11}}]},"8":{"loc":{"start":{"line":147,"column":12},"end":{"line":151,"column":13}},"type":"if","locations":[{"start":{"line":147,"column":12},"end":{"line":151,"column":13}}]}},"s":{"0":6,"1":6,"2":6,"3":2,"4":2,"5":2,"6":2,"7":0,"8":2,"9":2,"10":1,"11":1,"12":1,"13":1,"14":0,"15":1,"16":3,"17":3,"18":2,"19":0,"20":2,"21":1,"22":0,"23":0,"24":0,"25":0,"26":0,"27":0,"28":0,"29":0,"30":0,"31":0,"32":0,"33":0,"34":0,"35":0,"36":0,"37":0,"38":0,"39":0,"40":0,"41":0,"42":0,"43":0,"44":0,"45":3,"46":3,"47":3,"48":3,"49":0,"50":3,"51":2,"52":1,"53":6},"f":{"0":2,"1":3,"2":0,"3":0,"4":3},"b":{"0":[0],"1":[1],"2":[0],"3":[0],"4":[0],"5":[0],"6":[0],"7":[0],"8":[0]}}
,"E:\\apps\\Learnings\\Brand_Backend\\src\\docs\\blogsRoutesDocs.ts": {"path":"E:\\apps\\Learnings\\Brand_Backend\\src\\docs\\blogsRoutesDocs.ts","statementMap":{"0":{"start":{"line":1,"column":22},"end":{"line":65,"column":2}},"1":{"start":{"line":67,"column":19},"end":{"line":142,"column":2}},"2":{"start":{"line":145,"column":19},"end":{"line":203,"column":2}},"3":{"start":{"line":205,"column":20},"end":{"line":259,"column":2}},"4":{"start":{"line":262,"column":22},"end":{"line":325,"column":2}},"5":{"start":{"line":327,"column":20},"end":{"line":415,"column":2}},"6":{"start":{"line":417,"column":17},"end":{"line":490,"column":2}},"7":{"start":{"line":493,"column":13},"end":{"line":527,"column":2}}},"fnMap":{},"branchMap":{},"s":{"0":6,"1":6,"2":6,"3":6,"4":6,"5":6,"6":6,"7":6},"f":{},"b":{}}
,"E:\\apps\\Learnings\\Brand_Backend\\src\\docs\\messagesRoutesDocs.ts": {"path":"E:\\apps\\Learnings\\Brand_Backend\\src\\docs\\messagesRoutesDocs.ts","statementMap":{"0":{"start":{"line":1,"column":20},"end":{"line":83,"column":2}},"1":{"start":{"line":86,"column":23},"end":{"line":174,"column":2}},"2":{"start":{"line":177,"column":22},"end":{"line":245,"column":2}},"3":{"start":{"line":248,"column":20},"end":{"line":360,"column":2}},"4":{"start":{"line":364,"column":13},"end":{"line":383,"column":2}}},"fnMap":{},"branchMap":{},"s":{"0":6,"1":6,"2":6,"3":6,"4":6},"f":{},"b":{}}
,"E:\\apps\\Learnings\\Brand_Backend\\src\\docs\\projectsRoutesDocs.ts": {"path":"E:\\apps\\Learnings\\Brand_Backend\\src\\docs\\projectsRoutesDocs.ts","statementMap":{"0":{"start":{"line":1,"column":22},"end":{"line":120,"column":2}},"1":{"start":{"line":122,"column":22},"end":{"line":231,"column":2}},"2":{"start":{"line":234,"column":22},"end":{"line":314,"column":2}},"3":{"start":{"line":317,"column":23},"end":{"line":410,"column":2}},"4":{"start":{"line":413,"column":25},"end":{"line":506,"column":2}},"5":{"start":{"line":511,"column":13},"end":{"line":536,"column":2}}},"fnMap":{},"branchMap":{},"s":{"0":6,"1":6,"2":6,"3":6,"4":6,"5":6},"f":{},"b":{}}
,"E:\\apps\\Learnings\\Brand_Backend\\src\\docs\\skillsRoutesDocs.ts": {"path":"E:\\apps\\Learnings\\Brand_Backend\\src\\docs\\skillsRoutesDocs.ts","statementMap":{"0":{"start":{"line":1,"column":20},"end":{"line":98,"column":2}},"1":{"start":{"line":101,"column":20},"end":{"line":209,"column":2}},"2":{"start":{"line":212,"column":20},"end":{"line":292,"column":2}},"3":{"start":{"line":295,"column":21},"end":{"line":388,"column":2}},"4":{"start":{"line":390,"column":21},"end":{"line":475,"column":2}},"5":{"start":{"line":479,"column":13},"end":{"line":503,"column":2}}},"fnMap":{},"branchMap":{},"s":{"0":6,"1":6,"2":6,"3":6,"4":6,"5":6},"f":{},"b":{}}
,"E:\\apps\\Learnings\\Brand_Backend\\src\\docs\\subscribeRoutesDocs.ts": {"path":"E:\\apps\\Learnings\\Brand_Backend\\src\\docs\\subscribeRoutesDocs.ts","statementMap":{"0":{"start":{"line":1,"column":18},"end":{"line":75,"column":2}},"1":{"start":{"line":78,"column":19},"end":{"line":143,"column":2}},"2":{"start":{"line":146,"column":18},"end":{"line":214,"column":2}},"3":{"start":{"line":217,"column":13},"end":{"line":233,"column":2}}},"fnMap":{},"branchMap":{},"s":{"0":6,"1":6,"2":6,"3":6},"f":{},"b":{}}
,"E:\\apps\\Learnings\\Brand_Backend\\src\\docs\\userRegistration.ts": {"path":"E:\\apps\\Learnings\\Brand_Backend\\src\\docs\\userRegistration.ts","statementMap":{"0":{"start":{"line":1,"column":25},"end":{"line":93,"column":2}},"1":{"start":{"line":95,"column":20},"end":{"line":170,"column":2}},"2":{"start":{"line":172,"column":19},"end":{"line":298,"column":2}},"3":{"start":{"line":301,"column":19},"end":{"line":371,"column":2}},"4":{"start":{"line":374,"column":22},"end":{"line":452,"column":2}},"5":{"start":{"line":455,"column":18},"end":{"line":531,"column":2}},"6":{"start":{"line":535,"column":13},"end":{"line":560,"column":2}}},"fnMap":{},"branchMap":{},"s":{"0":6,"1":6,"2":6,"3":6,"4":6,"5":6,"6":6},"f":{},"b":{}}
,"E:\\apps\\Learnings\\Brand_Backend\\src\\middleware\\auth.ts": {"path":"E:\\apps\\Learnings\\Brand_Backend\\src\\middleware\\auth.ts","statementMap":{"0":{"start":{"line":2,"column":0},"end":{"line":2,"column":43}},"1":{"start":{"line":3,"column":0},"end":{"line":3,"column":28}},"2":{"start":{"line":5,"column":0},"end":{"line":5,"column":16}},"3":{"start":{"line":13,"column":8},"end":{"line":41,"column":9}},"4":{"start":{"line":14,"column":43},"end":{"line":14,"column":54}},"5":{"start":{"line":15,"column":12},"end":{"line":19,"column":13}},"6":{"start":{"line":16,"column":16},"end":{"line":18,"column":19}},"7":{"start":{"line":21,"column":26},"end":{"line":21,"column":53}},"8":{"start":{"line":23,"column":12},"end":{"line":27,"column":13}},"9":{"start":{"line":24,"column":16},"end":{"line":26,"column":19}},"10":{"start":{"line":30,"column":38},"end":{"line":30,"column":70}},"11":{"start":{"line":31,"column":25},"end":{"line":31,"column":60}},"12":{"start":{"line":32,"column":12},"end":{"line":32,"column":28}},"13":{"start":{"line":35,"column":12},"end":{"line":35,"column":26}},"14":{"start":{"line":37,"column":12},"end":{"line":40,"column":15}},"15":{"start":{"line":45,"column":8},"end":{"line":57,"column":9}},"16":{"start":{"line":46,"column":25},"end":{"line":46,"column":33}},"17":{"start":{"line":47,"column":12},"end":{"line":49,"column":13}},"18":{"start":{"line":48,"column":16},"end":{"line":48,"column":30}},"19":{"start":{"line":50,"column":12},"end":{"line":52,"column":15}},"20":{"start":{"line":54,"column":12},"end":{"line":56,"column":15}},"21":{"start":{"line":11,"column":0},"end":{"line":11,"column":21}}},"fnMap":{"0":{"name":"(anonymous_8)","decl":{"start":{"line":12,"column":4},"end":{"line":12,"column":10}},"loc":{"start":{"line":12,"column":89},"end":{"line":42,"column":null}}},"1":{"name":"(anonymous_10)","decl":{"start":{"line":44,"column":4},"end":{"line":44,"column":10}},"loc":{"start":{"line":44,"column":83},"end":{"line":58,"column":null}}}},"branchMap":{"0":{"loc":{"start":{"line":15,"column":12},"end":{"line":19,"column":13}},"type":"if","locations":[{"start":{"line":15,"column":12},"end":{"line":19,"column":13}}]},"1":{"loc":{"start":{"line":23,"column":12},"end":{"line":27,"column":13}},"type":"if","locations":[{"start":{"line":23,"column":12},"end":{"line":27,"column":13}}]},"2":{"loc":{"start":{"line":47,"column":12},"end":{"line":49,"column":13}},"type":"if","locations":[{"start":{"line":47,"column":12},"end":{"line":49,"column":13}}]}},"s":{"0":6,"1":6,"2":6,"3":35,"4":35,"5":35,"6":0,"7":35,"8":35,"9":0,"10":35,"11":35,"12":35,"13":35,"14":0,"15":35,"16":35,"17":35,"18":35,"19":0,"20":0,"21":6},"f":{"0":35,"1":35},"b":{"0":[0],"1":[0],"2":[35]}}
,"E:\\apps\\Learnings\\Brand_Backend\\src\\models\\Blogs.ts": {"path":"E:\\apps\\Learnings\\Brand_Backend\\src\\models\\Blogs.ts","statementMap":{"0":{"start":{"line":1,"column":0},"end":{"line":1,"column":59}},"1":{"start":{"line":27,"column":19},"end":{"line":59,"column":2}},"2":{"start":{"line":61,"column":28},"end":{"line":61,"column":70}},"3":{"start":{"line":63,"column":0},"end":{"line":63,"column":21}}},"fnMap":{},"branchMap":{},"s":{"0":6,"1":6,"2":6,"3":6},"f":{},"b":{}}
,"E:\\apps\\Learnings\\Brand_Backend\\src\\models\\Messages.ts": {"path":"E:\\apps\\Learnings\\Brand_Backend\\src\\models\\Messages.ts","statementMap":{"0":{"start":{"line":1,"column":0},"end":{"line":1,"column":61}},"1":{"start":{"line":11,"column":23},"end":{"line":32,"column":2}},"2":{"start":{"line":34,"column":35},"end":{"line":34,"column":88}},"3":{"start":{"line":36,"column":0},"end":{"line":36,"column":24}}},"fnMap":{},"branchMap":{},"s":{"0":6,"1":6,"2":6,"3":6},"f":{},"b":{}}
,"E:\\apps\\Learnings\\Brand_Backend\\src\\models\\Projects.ts": {"path":"E:\\apps\\Learnings\\Brand_Backend\\src\\models\\Projects.ts","statementMap":{"0":{"start":{"line":1,"column":0},"end":{"line":1,"column":59}},"1":{"start":{"line":16,"column":23},"end":{"line":40,"column":2}},"2":{"start":{"line":42,"column":35},"end":{"line":42,"column":88}},"3":{"start":{"line":44,"column":0},"end":{"line":44,"column":24}}},"fnMap":{},"branchMap":{},"s":{"0":6,"1":6,"2":6,"3":6},"f":{},"b":{}}
,"E:\\apps\\Learnings\\Brand_Backend\\src\\models\\Skills.ts": {"path":"E:\\apps\\Learnings\\Brand_Backend\\src\\models\\Skills.ts","statementMap":{"0":{"start":{"line":1,"column":0},"end":{"line":1,"column":59}},"1":{"start":{"line":11,"column":21},"end":{"line":27,"column":2}},"2":{"start":{"line":29,"column":31},"end":{"line":29,"column":78}},"3":{"start":{"line":31,"column":0},"end":{"line":31,"column":22}}},"fnMap":{},"branchMap":{},"s":{"0":6,"1":6,"2":6,"3":6},"f":{},"b":{}}
,"E:\\apps\\Learnings\\Brand_Backend\\src\\models\\Subscribers.ts": {"path":"E:\\apps\\Learnings\\Brand_Backend\\src\\models\\Subscribers.ts","statementMap":{"0":{"start":{"line":1,"column":0},"end":{"line":1,"column":59}},"1":{"start":{"line":8,"column":26},"end":{"line":17,"column":2}},"2":{"start":{"line":19,"column":33},"end":{"line":19,"column":87}},"3":{"start":{"line":21,"column":0},"end":{"line":21,"column":27}}},"fnMap":{},"branchMap":{},"s":{"0":6,"1":6,"2":6,"3":6},"f":{},"b":{}}
,"E:\\apps\\Learnings\\Brand_Backend\\src\\models\\Users.ts": {"path":"E:\\apps\\Learnings\\Brand_Backend\\src\\models\\Users.ts","statementMap":{"0":{"start":{"line":1,"column":0},"end":{"line":1,"column":54}},"1":{"start":{"line":2,"column":0},"end":{"line":2,"column":28}},"2":{"start":{"line":13,"column":19},"end":{"line":35,"column":2}},"3":{"start":{"line":37,"column":0},"end":{"line":39,"column":2}},"4":{"start":{"line":38,"column":2},"end":{"line":38,"column":59}},"5":{"start":{"line":41,"column":14},"end":{"line":41,"column":49}},"6":{"start":{"line":43,"column":0},"end":{"line":43,"column":21}}},"fnMap":{"0":{"name":"(anonymous_14)","decl":{"start":{"line":37,"column":37},"end":{"line":37,"column":53}},"loc":{"start":{"line":37,"column":73},"end":{"line":39,"column":2}}}},"branchMap":{},"s":{"0":6,"1":6,"2":6,"3":6,"4":1,"5":6,"6":6},"f":{"0":1},"b":{}}
,"E:\\apps\\Learnings\\Brand_Backend\\src\\routes\\Blogs.ts": {"path":"E:\\apps\\Learnings\\Brand_Backend\\src\\routes\\Blogs.ts","statementMap":{"0":{"start":{"line":1,"column":0},"end":{"line":1,"column":29}},"1":{"start":{"line":2,"column":0},"end":{"line":2,"column":51}},"2":{"start":{"line":3,"column":0},"end":{"line":3,"column":37}},"3":{"start":{"line":4,"column":0},"end":{"line":4,"column":44}},"4":{"start":{"line":6,"column":15},"end":{"line":6,"column":31}},"5":{"start":{"line":8,"column":0},"end":{"line":8,"column":125}},"6":{"start":{"line":9,"column":0},"end":{"line":9,"column":127}},"7":{"start":{"line":10,"column":0},"end":{"line":10,"column":106}},"8":{"start":{"line":11,"column":0},"end":{"line":11,"column":55}},"9":{"start":{"line":12,"column":0},"end":{"line":12,"column":61}},"10":{"start":{"line":13,"column":0},"end":{"line":13,"column":48}},"11":{"start":{"line":14,"column":0},"end":{"line":14,"column":50}},"12":{"start":{"line":17,"column":0},"end":{"line":17,"column":22}}},"fnMap":{},"branchMap":{},"s":{"0":6,"1":6,"2":6,"3":6,"4":6,"5":6,"6":6,"7":6,"8":6,"9":6,"10":6,"11":6,"12":6},"f":{},"b":{}}
,"E:\\apps\\Learnings\\Brand_Backend\\src\\routes\\Login.ts": {"path":"E:\\apps\\Learnings\\Brand_Backend\\src\\routes\\Login.ts","statementMap":{"0":{"start":{"line":1,"column":0},"end":{"line":1,"column":29}},"1":{"start":{"line":2,"column":0},"end":{"line":2,"column":51}},"2":{"start":{"line":4,"column":15},"end":{"line":4,"column":31}},"3":{"start":{"line":7,"column":0},"end":{"line":7,"column":49}},"4":{"start":{"line":13,"column":0},"end":{"line":13,"column":22}}},"fnMap":{},"branchMap":{},"s":{"0":6,"1":6,"2":6,"3":6,"4":6},"f":{},"b":{}}
,"E:\\apps\\Learnings\\Brand_Backend\\src\\routes\\Messages.ts": {"path":"E:\\apps\\Learnings\\Brand_Backend\\src\\routes\\Messages.ts","statementMap":{"0":{"start":{"line":1,"column":0},"end":{"line":1,"column":29}},"1":{"start":{"line":2,"column":0},"end":{"line":2,"column":57}},"2":{"start":{"line":3,"column":0},"end":{"line":3,"column":44}},"3":{"start":{"line":5,"column":15},"end":{"line":5,"column":31}},"4":{"start":{"line":10,"column":0},"end":{"line":10,"column":53}},"5":{"start":{"line":11,"column":0},"end":{"line":11,"column":112}},"6":{"start":{"line":12,"column":0},"end":{"line":12,"column":103}},"7":{"start":{"line":13,"column":0},"end":{"line":13,"column":56}},"8":{"start":{"line":15,"column":0},"end":{"line":15,"column":22}}},"fnMap":{},"branchMap":{},"s":{"0":6,"1":6,"2":6,"3":6,"4":6,"5":6,"6":6,"7":6,"8":6},"f":{},"b":{}}
,"E:\\apps\\Learnings\\Brand_Backend\\src\\routes\\Projects.ts": {"path":"E:\\apps\\Learnings\\Brand_Backend\\src\\routes\\Projects.ts","statementMap":{"0":{"start":{"line":1,"column":0},"end":{"line":1,"column":29}},"1":{"start":{"line":2,"column":0},"end":{"line":2,"column":58}},"2":{"start":{"line":3,"column":0},"end":{"line":3,"column":37}},"3":{"start":{"line":4,"column":0},"end":{"line":4,"column":44}},"4":{"start":{"line":6,"column":15},"end":{"line":6,"column":31}},"5":{"start":{"line":15,"column":0},"end":{"line":15,"column":128}},"6":{"start":{"line":16,"column":0},"end":{"line":16,"column":132}},"7":{"start":{"line":17,"column":0},"end":{"line":17,"column":113}},"8":{"start":{"line":18,"column":0},"end":{"line":18,"column":54}},"9":{"start":{"line":19,"column":0},"end":{"line":19,"column":56}},"10":{"start":{"line":22,"column":0},"end":{"line":22,"column":22}}},"fnMap":{},"branchMap":{},"s":{"0":6,"1":6,"2":6,"3":6,"4":6,"5":6,"6":6,"7":6,"8":6,"9":6,"10":6},"f":{},"b":{}}
,"E:\\apps\\Learnings\\Brand_Backend\\src\\routes\\Skills.ts": {"path":"E:\\apps\\Learnings\\Brand_Backend\\src\\routes\\Skills.ts","statementMap":{"0":{"start":{"line":1,"column":0},"end":{"line":1,"column":29}},"1":{"start":{"line":2,"column":0},"end":{"line":2,"column":53}},"2":{"start":{"line":3,"column":0},"end":{"line":3,"column":37}},"3":{"start":{"line":4,"column":0},"end":{"line":4,"column":44}},"4":{"start":{"line":6,"column":15},"end":{"line":6,"column":31}},"5":{"start":{"line":13,"column":0},"end":{"line":13,"column":122}},"6":{"start":{"line":14,"column":0},"end":{"line":14,"column":127}},"7":{"start":{"line":15,"column":0},"end":{"line":15,"column":109}},"8":{"start":{"line":16,"column":0},"end":{"line":16,"column":50}},"9":{"start":{"line":17,"column":0},"end":{"line":17,"column":50}},"10":{"start":{"line":21,"column":0},"end":{"line":21,"column":22}}},"fnMap":{},"branchMap":{},"s":{"0":6,"1":6,"2":6,"3":6,"4":6,"5":6,"6":6,"7":6,"8":6,"9":6,"10":6},"f":{},"b":{}}
,"E:\\apps\\Learnings\\Brand_Backend\\src\\routes\\Subs.ts": {"path":"E:\\apps\\Learnings\\Brand_Backend\\src\\routes\\Subs.ts","statementMap":{"0":{"start":{"line":1,"column":0},"end":{"line":1,"column":29}},"1":{"start":{"line":2,"column":0},"end":{"line":2,"column":61}},"2":{"start":{"line":3,"column":0},"end":{"line":3,"column":44}},"3":{"start":{"line":5,"column":15},"end":{"line":5,"column":31}},"4":{"start":{"line":7,"column":0},"end":{"line":7,"column":60}},"5":{"start":{"line":8,"column":0},"end":{"line":8,"column":111}},"6":{"start":{"line":9,"column":0},"end":{"line":9,"column":103}},"7":{"start":{"line":11,"column":0},"end":{"line":11,"column":22}}},"fnMap":{},"branchMap":{},"s":{"0":6,"1":6,"2":6,"3":6,"4":6,"5":6,"6":6,"7":6},"f":{},"b":{}}
,"E:\\apps\\Learnings\\Brand_Backend\\src\\routes\\userRegistration.ts": {"path":"E:\\apps\\Learnings\\Brand_Backend\\src\\routes\\userRegistration.ts","statementMap":{"0":{"start":{"line":1,"column":0},"end":{"line":1,"column":29}},"1":{"start":{"line":2,"column":0},"end":{"line":2,"column":62}},"2":{"start":{"line":3,"column":0},"end":{"line":3,"column":44}},"3":{"start":{"line":5,"column":15},"end":{"line":5,"column":31}},"4":{"start":{"line":9,"column":0},"end":{"line":9,"column":59}},"5":{"start":{"line":10,"column":0},"end":{"line":10,"column":96}},"6":{"start":{"line":11,"column":0},"end":{"line":11,"column":55}},"7":{"start":{"line":12,"column":0},"end":{"line":12,"column":59}},"8":{"start":{"line":13,"column":0},"end":{"line":13,"column":57}},"9":{"start":{"line":18,"column":0},"end":{"line":18,"column":22}}},"fnMap":{},"branchMap":{},"s":{"0":6,"1":6,"2":6,"3":6,"4":6,"5":6,"6":6,"7":6,"8":6,"9":6},"f":{},"b":{}}
,"E:\\apps\\Learnings\\Brand_Backend\\src\\utils\\multer.ts": {"path":"E:\\apps\\Learnings\\Brand_Backend\\src\\utils\\multer.ts","statementMap":{"0":{"start":{"line":2,"column":0},"end":{"line":2,"column":28}},"1":{"start":{"line":4,"column":16},"end":{"line":11,"column":2}},"2":{"start":{"line":6,"column":8},"end":{"line":6,"column":29}},"3":{"start":{"line":9,"column":8},"end":{"line":9,"column":36}},"4":{"start":{"line":13,"column":16},"end":{"line":13,"column":33}},"5":{"start":{"line":15,"column":1},"end":{"line":15,"column":null}}},"fnMap":{"0":{"name":"(anonymous_1)","decl":{"start":{"line":5,"column":17},"end":{"line":5,"column":18}},"loc":{"start":{"line":5,"column":44},"end":{"line":7,"column":5}}},"1":{"name":"(anonymous_2)","decl":{"start":{"line":8,"column":14},"end":{"line":8,"column":15}},"loc":{"start":{"line":8,"column":41},"end":{"line":10,"column":5}}}},"branchMap":{},"s":{"0":6,"1":6,"2":0,"3":0,"4":6,"5":6},"f":{"0":0,"1":0},"b":{}}
,"E:\\apps\\Learnings\\Brand_Backend\\src\\validations\\BlogValidations.ts": {"path":"E:\\apps\\Learnings\\Brand_Backend\\src\\validations\\BlogValidations.ts","statementMap":{"0":{"start":{"line":1,"column":0},"end":{"line":1,"column":22}},"1":{"start":{"line":11,"column":19},"end":{"line":17,"column":2}},"2":{"start":{"line":19,"column":0},"end":{"line":19,"column":26}}},"fnMap":{},"branchMap":{},"s":{"0":6,"1":6,"2":6},"f":{},"b":{}}
,"E:\\apps\\Learnings\\Brand_Backend\\src\\validations\\MessagesValitions.ts": {"path":"E:\\apps\\Learnings\\Brand_Backend\\src\\validations\\MessagesValitions.ts","statementMap":{"0":{"start":{"line":1,"column":0},"end":{"line":1,"column":22}},"1":{"start":{"line":9,"column":22},"end":{"line":13,"column":2}},"2":{"start":{"line":15,"column":0},"end":{"line":15,"column":29}}},"fnMap":{},"branchMap":{},"s":{"0":6,"1":6,"2":6},"f":{},"b":{}}
,"E:\\apps\\Learnings\\Brand_Backend\\src\\validations\\RegisterValidations.ts": {"path":"E:\\apps\\Learnings\\Brand_Backend\\src\\validations\\RegisterValidations.ts","statementMap":{"0":{"start":{"line":1,"column":0},"end":{"line":1,"column":27}},"1":{"start":{"line":12,"column":24},"end":{"line":12,"column":60}},"2":{"start":{"line":14,"column":19},"end":{"line":20,"column":2}},"3":{"start":{"line":22,"column":0},"end":{"line":22,"column":26}}},"fnMap":{},"branchMap":{},"s":{"0":6,"1":6,"2":6,"3":6},"f":{},"b":{}}
,"E:\\apps\\Learnings\\Brand_Backend\\src\\validations\\SkillsValidations.ts": {"path":"E:\\apps\\Learnings\\Brand_Backend\\src\\validations\\SkillsValidations.ts","statementMap":{"0":{"start":{"line":1,"column":0},"end":{"line":1,"column":22}},"1":{"start":{"line":10,"column":20},"end":{"line":15,"column":2}},"2":{"start":{"line":17,"column":0},"end":{"line":17,"column":27}}},"fnMap":{},"branchMap":{},"s":{"0":6,"1":6,"2":6},"f":{},"b":{}}
,"E:\\apps\\Learnings\\Brand_Backend\\src\\validations\\projectsValidations.ts": {"path":"E:\\apps\\Learnings\\Brand_Backend\\src\\validations\\projectsValidations.ts","statementMap":{"0":{"start":{"line":1,"column":0},"end":{"line":1,"column":22}},"1":{"start":{"line":11,"column":22},"end":{"line":17,"column":2}},"2":{"start":{"line":19,"column":0},"end":{"line":19,"column":29}}},"fnMap":{},"branchMap":{},"s":{"0":6,"1":6,"2":6},"f":{},"b":{}}
}
