{"E:\\apps\\Learnings\\Brand_Backend\\src\\index.ts": {"path":"E:\\apps\\Learnings\\Brand_Backend\\src\\index.ts","statementMap":{"0":{"start":{"line":2,"column":0},"end":{"line":2,"column":29}},"1":{"start":{"line":3,"column":0},"end":{"line":3,"column":27}},"2":{"start":{"line":5,"column":0},"end":{"line":5,"column":52}},"3":{"start":{"line":6,"column":0},"end":{"line":6,"column":41}},"4":{"start":{"line":7,"column":0},"end":{"line":7,"column":41}},"5":{"start":{"line":8,"column":0},"end":{"line":8,"column":47}},"6":{"start":{"line":9,"column":0},"end":{"line":9,"column":43}},"7":{"start":{"line":10,"column":0},"end":{"line":10,"column":47}},"8":{"start":{"line":11,"column":0},"end":{"line":11,"column":39}},"9":{"start":{"line":14,"column":13},"end":{"line":14,"column":null}},"10":{"start":{"line":16,"column":0},"end":{"line":16,"column":null}},"11":{"start":{"line":17,"column":0},"end":{"line":17,"column":47}},"12":{"start":{"line":21,"column":0},"end":{"line":21,"column":16}},"13":{"start":{"line":24,"column":0},"end":{"line":24,"column":31}},"14":{"start":{"line":25,"column":0},"end":{"line":25,"column":26}},"15":{"start":{"line":26,"column":0},"end":{"line":26,"column":31}},"16":{"start":{"line":27,"column":0},"end":{"line":27,"column":37}},"17":{"start":{"line":28,"column":0},"end":{"line":28,"column":33}},"18":{"start":{"line":29,"column":0},"end":{"line":29,"column":37}},"19":{"start":{"line":30,"column":0},"end":{"line":30,"column":36}},"20":{"start":{"line":33,"column":13},"end":{"line":33,"column":37}},"21":{"start":{"line":35,"column":0},"end":{"line":37,"column":null}},"22":{"start":{"line":36,"column":4},"end":{"line":36,"column":52}},"23":{"start":{"line":40,"column":0},"end":{"line":40,"column":null}}},"fnMap":{"0":{"name":"(anonymous_1)","decl":{"start":{"line":35,"column":17},"end":{"line":35,"column":20}},"loc":{"start":{"line":35,"column":22},"end":{"line":37,"column":1}}}},"branchMap":{"0":{"loc":{"start":{"line":33,"column":13},"end":{"line":33,"column":37}},"type":"binary-expr","locations":[{"start":{"line":33,"column":13},"end":{"line":33,"column":29}},{"start":{"line":33,"column":33},"end":{"line":33,"column":37}}]}},"s":{"0":2,"1":2,"2":2,"3":2,"4":2,"5":2,"6":2,"7":2,"8":2,"9":2,"10":2,"11":2,"12":2,"13":2,"14":2,"15":2,"16":2,"17":2,"18":2,"19":2,"20":2,"21":2,"22":1,"23":2},"f":{"0":1},"b":{"0":[2,0]}}
,"E:\\apps\\Learnings\\Brand_Backend\\src\\controllers\\Blogs.ts": {"path":"E:\\apps\\Learnings\\Brand_Backend\\src\\controllers\\Blogs.ts","statementMap":{"0":{"start":{"line":2,"column":0},"end":{"line":2,"column":36}},"1":{"start":{"line":4,"column":0},"end":{"line":4,"column":56}},"2":{"start":{"line":9,"column":8},"end":{"line":42,"column":9}},"3":{"start":{"line":10,"column":57},"end":{"line":10,"column":65}},"4":{"start":{"line":11,"column":26},"end":{"line":11,"column":55}},"5":{"start":{"line":13,"column":30},"end":{"line":13,"column":59}},"6":{"start":{"line":14,"column":12},"end":{"line":19,"column":13}},"7":{"start":{"line":15,"column":16},"end":{"line":18,"column":19}},"8":{"start":{"line":22,"column":28},"end":{"line":28,"column":14}},"9":{"start":{"line":31,"column":12},"end":{"line":31,"column":33}},"10":{"start":{"line":32,"column":13},"end":{"line":35,"column":null}},"11":{"start":{"line":38,"column":12},"end":{"line":41,"column":null}},"12":{"start":{"line":47,"column":8},"end":{"line":72,"column":9}},"13":{"start":{"line":48,"column":55},"end":{"line":48,"column":63}},"14":{"start":{"line":49,"column":26},"end":{"line":49,"column":36}},"15":{"start":{"line":50,"column":26},"end":{"line":50,"column":55}},"16":{"start":{"line":53,"column":39},"end":{"line":53,"column":122}},"17":{"start":{"line":54,"column":12},"end":{"line":59,"column":13}},"18":{"start":{"line":55,"column":16},"end":{"line":58,"column":null}},"19":{"start":{"line":60,"column":12},"end":{"line":63,"column":null}},"20":{"start":{"line":66,"column":12},"end":{"line":71,"column":null}},"21":{"start":{"line":78,"column":8},"end":{"line":100,"column":9}},"22":{"start":{"line":79,"column":25},"end":{"line":79,"column":35}},"23":{"start":{"line":80,"column":30},"end":{"line":80,"column":54}},"24":{"start":{"line":81,"column":12},"end":{"line":86,"column":13}},"25":{"start":{"line":82,"column":16},"end":{"line":85,"column":null}},"26":{"start":{"line":89,"column":12},"end":{"line":89,"column":46}},"27":{"start":{"line":90,"column":12},"end":{"line":94,"column":null}},"28":{"start":{"line":96,"column":12},"end":{"line":99,"column":null}},"29":{"start":{"line":106,"column":8},"end":{"line":141,"column":9}},"30":{"start":{"line":107,"column":29},"end":{"line":107,"column":37}},"31":{"start":{"line":108,"column":25},"end":{"line":108,"column":35}},"32":{"start":{"line":111,"column":30},"end":{"line":111,"column":54}},"33":{"start":{"line":112,"column":12},"end":{"line":117,"column":13}},"34":{"start":{"line":113,"column":16},"end":{"line":116,"column":null}},"35":{"start":{"line":119,"column":29},"end":{"line":119,"column":60}},"36":{"start":{"line":120,"column":12},"end":{"line":125,"column":13}},"37":{"start":{"line":121,"column":16},"end":{"line":124,"column":null}},"38":{"start":{"line":128,"column":12},"end":{"line":128,"column":null}},"39":{"start":{"line":129,"column":12},"end":{"line":129,"column":null}},"40":{"start":{"line":131,"column":12},"end":{"line":134,"column":null}},"41":{"start":{"line":136,"column":12},"end":{"line":136,"column":null}},"42":{"start":{"line":137,"column":12},"end":{"line":140,"column":null}},"43":{"start":{"line":147,"column":8},"end":{"line":179,"column":9}},"44":{"start":{"line":148,"column":38},"end":{"line":148,"column":46}},"45":{"start":{"line":149,"column":25},"end":{"line":149,"column":35}},"46":{"start":{"line":152,"column":30},"end":{"line":152,"column":54}},"47":{"start":{"line":153,"column":12},"end":{"line":158,"column":13}},"48":{"start":{"line":154,"column":16},"end":{"line":157,"column":null}},"49":{"start":{"line":160,"column":12},"end":{"line":165,"column":13}},"50":{"start":{"line":161,"column":16},"end":{"line":164,"column":null}},"51":{"start":{"line":166,"column":12},"end":{"line":166,"column":54}},"52":{"start":{"line":167,"column":12},"end":{"line":167,"column":null}},"53":{"start":{"line":169,"column":12},"end":{"line":172,"column":null}},"54":{"start":{"line":174,"column":12},"end":{"line":174,"column":null}},"55":{"start":{"line":175,"column":12},"end":{"line":178,"column":null}},"56":{"start":{"line":185,"column":8},"end":{"line":201,"column":9}},"57":{"start":{"line":186,"column":27},"end":{"line":186,"column":65}},"58":{"start":{"line":187,"column":10},"end":{"line":191,"column":11}},"59":{"start":{"line":188,"column":12},"end":{"line":190,"column":null}},"60":{"start":{"line":192,"column":11},"end":{"line":195,"column":13}},"61":{"start":{"line":197,"column":10},"end":{"line":200,"column":13}},"62":{"start":{"line":206,"column":8},"end":{"line":222,"column":9}},"63":{"start":{"line":207,"column":23},"end":{"line":207,"column":33}},"64":{"start":{"line":208,"column":29},"end":{"line":208,"column":59}},"65":{"start":{"line":209,"column":10},"end":{"line":213,"column":11}},"66":{"start":{"line":210,"column":12},"end":{"line":212,"column":null}},"67":{"start":{"line":214,"column":11},"end":{"line":217,"column":13}},"68":{"start":{"line":219,"column":10},"end":{"line":221,"column":13}},"69":{"start":{"line":7,"column":0},"end":{"line":7,"column":21}}},"fnMap":{"0":{"name":"(anonymous_8)","decl":{"start":{"line":8,"column":4},"end":{"line":8,"column":10}},"loc":{"start":{"line":8,"column":58},"end":{"line":43,"column":null}}},"1":{"name":"(anonymous_10)","decl":{"start":{"line":46,"column":4},"end":{"line":46,"column":10}},"loc":{"start":{"line":46,"column":55},"end":{"line":73,"column":null}}},"2":{"name":"(anonymous_12)","decl":{"start":{"line":77,"column":4},"end":{"line":77,"column":10}},"loc":{"start":{"line":77,"column":55},"end":{"line":101,"column":null}}},"3":{"name":"(anonymous_14)","decl":{"start":{"line":105,"column":4},"end":{"line":105,"column":10}},"loc":{"start":{"line":105,"column":53},"end":{"line":142,"column":null}}},"4":{"name":"(anonymous_16)","decl":{"start":{"line":146,"column":4},"end":{"line":146,"column":10}},"loc":{"start":{"line":146,"column":56},"end":{"line":180,"column":null}}},"5":{"name":"(anonymous_18)","decl":{"start":{"line":184,"column":4},"end":{"line":184,"column":10}},"loc":{"start":{"line":184,"column":56},"end":{"line":202,"column":null}}},"6":{"name":"(anonymous_20)","decl":{"start":{"line":205,"column":4},"end":{"line":205,"column":10}},"loc":{"start":{"line":205,"column":58},"end":{"line":223,"column":null}}}},"branchMap":{"0":{"loc":{"start":{"line":11,"column":26},"end":{"line":11,"column":55}},"type":"cond-expr","locations":[{"start":{"line":11,"column":36},"end":{"line":11,"column":49}},{"start":{"line":11,"column":51},"end":{"line":11,"column":55}}]},"1":{"loc":{"start":{"line":14,"column":12},"end":{"line":19,"column":13}},"type":"if","locations":[{"start":{"line":14,"column":12},"end":{"line":19,"column":13}}]},"2":{"loc":{"start":{"line":50,"column":26},"end":{"line":50,"column":55}},"type":"cond-expr","locations":[{"start":{"line":50,"column":36},"end":{"line":50,"column":49}},{"start":{"line":50,"column":51},"end":{"line":50,"column":55}}]},"3":{"loc":{"start":{"line":54,"column":12},"end":{"line":59,"column":13}},"type":"if","locations":[{"start":{"line":54,"column":12},"end":{"line":59,"column":13}}]},"4":{"loc":{"start":{"line":81,"column":12},"end":{"line":86,"column":13}},"type":"if","locations":[{"start":{"line":81,"column":12},"end":{"line":86,"column":13}}]},"5":{"loc":{"start":{"line":112,"column":12},"end":{"line":117,"column":13}},"type":"if","locations":[{"start":{"line":112,"column":12},"end":{"line":117,"column":13}}]},"6":{"loc":{"start":{"line":120,"column":12},"end":{"line":125,"column":13}},"type":"if","locations":[{"start":{"line":120,"column":12},"end":{"line":125,"column":13}}]},"7":{"loc":{"start":{"line":153,"column":12},"end":{"line":158,"column":13}},"type":"if","locations":[{"start":{"line":153,"column":12},"end":{"line":158,"column":13}}]},"8":{"loc":{"start":{"line":160,"column":12},"end":{"line":165,"column":13}},"type":"if","locations":[{"start":{"line":160,"column":12},"end":{"line":165,"column":13}}]},"9":{"loc":{"start":{"line":160,"column":15},"end":{"line":160,"column":33}},"type":"binary-expr","locations":[{"start":{"line":160,"column":15},"end":{"line":160,"column":21}},{"start":{"line":160,"column":25},"end":{"line":160,"column":33}}]},"10":{"loc":{"start":{"line":187,"column":10},"end":{"line":191,"column":11}},"type":"if","locations":[{"start":{"line":187,"column":10},"end":{"line":191,"column":11}}]},"11":{"loc":{"start":{"line":209,"column":10},"end":{"line":213,"column":11}},"type":"if","locations":[{"start":{"line":209,"column":10},"end":{"line":213,"column":11}}]}},"s":{"0":2,"1":2,"2":3,"3":3,"4":3,"5":3,"6":3,"7":1,"8":2,"9":2,"10":1,"11":1,"12":3,"13":3,"14":3,"15":3,"16":3,"17":2,"18":1,"19":1,"20":1,"21":0,"22":0,"23":0,"24":0,"25":0,"26":0,"27":0,"28":0,"29":0,"30":0,"31":0,"32":0,"33":0,"34":0,"35":0,"36":0,"37":0,"38":0,"39":0,"40":0,"41":0,"42":0,"43":0,"44":0,"45":0,"46":0,"47":0,"48":0,"49":0,"50":0,"51":0,"52":0,"53":0,"54":0,"55":0,"56":0,"57":0,"58":0,"59":0,"60":0,"61":0,"62":0,"63":0,"64":0,"65":0,"66":0,"67":0,"68":0,"69":2},"f":{"0":3,"1":3,"2":0,"3":0,"4":0,"5":0,"6":0},"b":{"0":[0,3],"1":[1],"2":[0,3],"3":[1],"4":[0],"5":[0],"6":[0],"7":[0],"8":[0],"9":[0,0],"10":[0],"11":[0]}}
,"E:\\apps\\Learnings\\Brand_Backend\\src\\controllers\\Login.ts": {"path":"E:\\apps\\Learnings\\Brand_Backend\\src\\controllers\\Login.ts","statementMap":{"0":{"start":{"line":2,"column":0},"end":{"line":2,"column":35}},"1":{"start":{"line":3,"column":0},"end":{"line":3,"column":42}},"2":{"start":{"line":8,"column":4},"end":{"line":39,"column":5}},"3":{"start":{"line":9,"column":34},"end":{"line":9,"column":42}},"4":{"start":{"line":12,"column":19},"end":{"line":12,"column":48}},"5":{"start":{"line":13,"column":6},"end":{"line":18,"column":7}},"6":{"start":{"line":14,"column":9},"end":{"line":17,"column":11}},"7":{"start":{"line":20,"column":8},"end":{"line":31,"column":9}},"8":{"start":{"line":23,"column":35},"end":{"line":23,"column":67}},"9":{"start":{"line":24,"column":24},"end":{"line":24,"column":77}},"10":{"start":{"line":25,"column":12},"end":{"line":28,"column":15}},"11":{"start":{"line":30,"column":11},"end":{"line":30,"column":78}},"12":{"start":{"line":34,"column":8},"end":{"line":34,"column":null}},"13":{"start":{"line":35,"column":8},"end":{"line":38,"column":null}},"14":{"start":{"line":6,"column":0},"end":{"line":6,"column":21}}},"fnMap":{"0":{"name":"(anonymous_8)","decl":{"start":{"line":7,"column":2},"end":{"line":7,"column":8}},"loc":{"start":{"line":7,"column":52},"end":{"line":40,"column":null}}}},"branchMap":{"0":{"loc":{"start":{"line":13,"column":6},"end":{"line":18,"column":7}},"type":"if","locations":[{"start":{"line":13,"column":6},"end":{"line":18,"column":7}}]},"1":{"loc":{"start":{"line":20,"column":8},"end":{"line":31,"column":9}},"type":"if","locations":[{"start":{"line":20,"column":8},"end":{"line":31,"column":9}},{"start":{"line":29,"column":15},"end":{"line":31,"column":9}}]},"2":{"loc":{"start":{"line":20,"column":12},"end":{"line":20,"column":58}},"type":"binary-expr","locations":[{"start":{"line":20,"column":12},"end":{"line":20,"column":16}},{"start":{"line":20,"column":21},"end":{"line":20,"column":57}}]}},"s":{"0":2,"1":2,"2":0,"3":0,"4":0,"5":0,"6":0,"7":0,"8":0,"9":0,"10":0,"11":0,"12":0,"13":0,"14":2},"f":{"0":0},"b":{"0":[0],"1":[0,0],"2":[0,0]}}
,"E:\\apps\\Learnings\\Brand_Backend\\src\\controllers\\Messages.ts": {"path":"E:\\apps\\Learnings\\Brand_Backend\\src\\controllers\\Messages.ts","statementMap":{"0":{"start":{"line":2,"column":0},"end":{"line":2,"column":42}},"1":{"start":{"line":4,"column":0},"end":{"line":4,"column":61}},"2":{"start":{"line":10,"column":8},"end":{"line":39,"column":9}},"3":{"start":{"line":11,"column":63},"end":{"line":11,"column":71}},"4":{"start":{"line":14,"column":30},"end":{"line":14,"column":62}},"5":{"start":{"line":15,"column":12},"end":{"line":20,"column":13}},"6":{"start":{"line":16,"column":16},"end":{"line":19,"column":19}},"7":{"start":{"line":23,"column":31},"end":{"line":28,"column":null}},"8":{"start":{"line":31,"column":12},"end":{"line":31,"column":36}},"9":{"start":{"line":32,"column":12},"end":{"line":34,"column":null}},"10":{"start":{"line":36,"column":11},"end":{"line":38,"column":null}},"11":{"start":{"line":44,"column":8},"end":{"line":59,"column":9}},"12":{"start":{"line":45,"column":30},"end":{"line":45,"column":51}},"13":{"start":{"line":46,"column":10},"end":{"line":50,"column":11}},"14":{"start":{"line":47,"column":12},"end":{"line":49,"column":null}},"15":{"start":{"line":51,"column":10},"end":{"line":54,"column":13}},"16":{"start":{"line":56,"column":11},"end":{"line":58,"column":13}},"17":{"start":{"line":64,"column":8},"end":{"line":86,"column":9}},"18":{"start":{"line":65,"column":25},"end":{"line":65,"column":35}},"19":{"start":{"line":68,"column":33},"end":{"line":68,"column":60}},"20":{"start":{"line":69,"column":12},"end":{"line":73,"column":13}},"21":{"start":{"line":70,"column":15},"end":{"line":72,"column":null}},"22":{"start":{"line":76,"column":12},"end":{"line":76,"column":49}},"23":{"start":{"line":77,"column":12},"end":{"line":79,"column":null}},"24":{"start":{"line":82,"column":12},"end":{"line":85,"column":null}},"25":{"start":{"line":91,"column":16},"end":{"line":120,"column":17}},"26":{"start":{"line":92,"column":37},"end":{"line":92,"column":45}},"27":{"start":{"line":93,"column":35},"end":{"line":93,"column":45}},"28":{"start":{"line":95,"column":20},"end":{"line":100,"column":21}},"29":{"start":{"line":96,"column":24},"end":{"line":99,"column":27}},"30":{"start":{"line":102,"column":43},"end":{"line":102,"column":104}},"31":{"start":{"line":104,"column":20},"end":{"line":109,"column":21}},"32":{"start":{"line":105,"column":24},"end":{"line":108,"column":27}},"33":{"start":{"line":111,"column":20},"end":{"line":114,"column":23}},"34":{"start":{"line":116,"column":20},"end":{"line":119,"column":23}},"35":{"start":{"line":8,"column":0},"end":{"line":8,"column":21}}},"fnMap":{"0":{"name":"(anonymous_8)","decl":{"start":{"line":9,"column":4},"end":{"line":9,"column":10}},"loc":{"start":{"line":9,"column":56},"end":{"line":40,"column":null}}},"1":{"name":"(anonymous_10)","decl":{"start":{"line":43,"column":4},"end":{"line":43,"column":10}},"loc":{"start":{"line":43,"column":59},"end":{"line":60,"column":null}}},"2":{"name":"(anonymous_12)","decl":{"start":{"line":63,"column":4},"end":{"line":63,"column":10}},"loc":{"start":{"line":63,"column":58},"end":{"line":87,"column":null}}},"3":{"name":"(anonymous_14)","decl":{"start":{"line":90,"column":12},"end":{"line":90,"column":18}},"loc":{"start":{"line":90,"column":64},"end":{"line":121,"column":null}}}},"branchMap":{"0":{"loc":{"start":{"line":15,"column":12},"end":{"line":20,"column":13}},"type":"if","locations":[{"start":{"line":15,"column":12},"end":{"line":20,"column":13}}]},"1":{"loc":{"start":{"line":46,"column":10},"end":{"line":50,"column":11}},"type":"if","locations":[{"start":{"line":46,"column":10},"end":{"line":50,"column":11}}]},"2":{"loc":{"start":{"line":69,"column":12},"end":{"line":73,"column":13}},"type":"if","locations":[{"start":{"line":69,"column":12},"end":{"line":73,"column":13}}]},"3":{"loc":{"start":{"line":95,"column":20},"end":{"line":100,"column":21}},"type":"if","locations":[{"start":{"line":95,"column":20},"end":{"line":100,"column":21}}]},"4":{"loc":{"start":{"line":104,"column":20},"end":{"line":109,"column":21}},"type":"if","locations":[{"start":{"line":104,"column":20},"end":{"line":109,"column":21}}]}},"s":{"0":2,"1":2,"2":3,"3":3,"4":3,"5":3,"6":1,"7":2,"8":2,"9":1,"10":1,"11":2,"12":2,"13":1,"14":0,"15":1,"16":1,"17":3,"18":3,"19":3,"20":3,"21":1,"22":2,"23":1,"24":1,"25":4,"26":4,"27":4,"28":4,"29":1,"30":3,"31":2,"32":1,"33":1,"34":1,"35":2},"f":{"0":3,"1":2,"2":3,"3":4},"b":{"0":[1],"1":[0],"2":[1],"3":[1],"4":[1]}}
,"E:\\apps\\Learnings\\Brand_Backend\\src\\controllers\\Projects.ts": {"path":"E:\\apps\\Learnings\\Brand_Backend\\src\\controllers\\Projects.ts","statementMap":{"0":{"start":{"line":3,"column":0},"end":{"line":3,"column":42}},"1":{"start":{"line":4,"column":0},"end":{"line":4,"column":63}},"2":{"start":{"line":8,"column":8},"end":{"line":42,"column":9}},"3":{"start":{"line":9,"column":71},"end":{"line":9,"column":79}},"4":{"start":{"line":10,"column":26},"end":{"line":10,"column":56}},"5":{"start":{"line":13,"column":30},"end":{"line":13,"column":62}},"6":{"start":{"line":14,"column":12},"end":{"line":19,"column":13}},"7":{"start":{"line":15,"column":16},"end":{"line":18,"column":19}},"8":{"start":{"line":22,"column":31},"end":{"line":28,"column":14}},"9":{"start":{"line":31,"column":12},"end":{"line":31,"column":null}},"10":{"start":{"line":32,"column":12},"end":{"line":35,"column":null}},"11":{"start":{"line":37,"column":12},"end":{"line":37,"column":null}},"12":{"start":{"line":38,"column":12},"end":{"line":41,"column":null}},"13":{"start":{"line":47,"column":12},"end":{"line":82,"column":13}},"14":{"start":{"line":48,"column":75},"end":{"line":48,"column":83}},"15":{"start":{"line":49,"column":30},"end":{"line":49,"column":40}},"16":{"start":{"line":50,"column":30},"end":{"line":50,"column":59}},"17":{"start":{"line":54,"column":34},"end":{"line":54,"column":66}},"18":{"start":{"line":55,"column":16},"end":{"line":60,"column":17}},"19":{"start":{"line":56,"column":20},"end":{"line":59,"column":23}},"20":{"start":{"line":63,"column":46},"end":{"line":63,"column":140}},"21":{"start":{"line":64,"column":16},"end":{"line":69,"column":17}},"22":{"start":{"line":65,"column":20},"end":{"line":68,"column":null}},"23":{"start":{"line":70,"column":16},"end":{"line":73,"column":null}},"24":{"start":{"line":76,"column":16},"end":{"line":81,"column":null}},"25":{"start":{"line":87,"column":8},"end":{"line":109,"column":9}},"26":{"start":{"line":88,"column":25},"end":{"line":88,"column":35}},"27":{"start":{"line":89,"column":33},"end":{"line":89,"column":60}},"28":{"start":{"line":90,"column":12},"end":{"line":95,"column":13}},"29":{"start":{"line":91,"column":16},"end":{"line":94,"column":null}},"30":{"start":{"line":98,"column":12},"end":{"line":98,"column":49}},"31":{"start":{"line":99,"column":12},"end":{"line":103,"column":null}},"32":{"start":{"line":105,"column":12},"end":{"line":108,"column":null}},"33":{"start":{"line":115,"column":8},"end":{"line":131,"column":9}},"34":{"start":{"line":116,"column":30},"end":{"line":116,"column":71}},"35":{"start":{"line":117,"column":10},"end":{"line":121,"column":11}},"36":{"start":{"line":118,"column":12},"end":{"line":120,"column":null}},"37":{"start":{"line":122,"column":11},"end":{"line":125,"column":13}},"38":{"start":{"line":127,"column":10},"end":{"line":130,"column":13}},"39":{"start":{"line":136,"column":8},"end":{"line":152,"column":9}},"40":{"start":{"line":137,"column":23},"end":{"line":137,"column":33}},"41":{"start":{"line":138,"column":32},"end":{"line":138,"column":65}},"42":{"start":{"line":139,"column":10},"end":{"line":143,"column":11}},"43":{"start":{"line":140,"column":12},"end":{"line":142,"column":null}},"44":{"start":{"line":144,"column":11},"end":{"line":147,"column":13}},"45":{"start":{"line":149,"column":10},"end":{"line":151,"column":13}},"46":{"start":{"line":6,"column":0},"end":{"line":6,"column":21}}},"fnMap":{"0":{"name":"(anonymous_8)","decl":{"start":{"line":7,"column":4},"end":{"line":7,"column":10}},"loc":{"start":{"line":7,"column":58},"end":{"line":43,"column":null}}},"1":{"name":"(anonymous_10)","decl":{"start":{"line":46,"column":8},"end":{"line":46,"column":14}},"loc":{"start":{"line":46,"column":62},"end":{"line":83,"column":null}}},"2":{"name":"(anonymous_12)","decl":{"start":{"line":86,"column":4},"end":{"line":86,"column":10}},"loc":{"start":{"line":86,"column":58},"end":{"line":110,"column":null}}},"3":{"name":"(anonymous_14)","decl":{"start":{"line":114,"column":4},"end":{"line":114,"column":10}},"loc":{"start":{"line":114,"column":59},"end":{"line":132,"column":null}}},"4":{"name":"(anonymous_16)","decl":{"start":{"line":135,"column":4},"end":{"line":135,"column":10}},"loc":{"start":{"line":135,"column":61},"end":{"line":153,"column":null}}}},"branchMap":{"0":{"loc":{"start":{"line":10,"column":26},"end":{"line":10,"column":56}},"type":"cond-expr","locations":[{"start":{"line":10,"column":36},"end":{"line":10,"column":49}},{"start":{"line":10,"column":52},"end":{"line":10,"column":56}}]},"1":{"loc":{"start":{"line":14,"column":12},"end":{"line":19,"column":13}},"type":"if","locations":[{"start":{"line":14,"column":12},"end":{"line":19,"column":13}}]},"2":{"loc":{"start":{"line":50,"column":30},"end":{"line":50,"column":59}},"type":"cond-expr","locations":[{"start":{"line":50,"column":40},"end":{"line":50,"column":53}},{"start":{"line":50,"column":55},"end":{"line":50,"column":59}}]},"3":{"loc":{"start":{"line":55,"column":16},"end":{"line":60,"column":17}},"type":"if","locations":[{"start":{"line":55,"column":16},"end":{"line":60,"column":17}}]},"4":{"loc":{"start":{"line":64,"column":16},"end":{"line":69,"column":17}},"type":"if","locations":[{"start":{"line":64,"column":16},"end":{"line":69,"column":17}}]},"5":{"loc":{"start":{"line":90,"column":12},"end":{"line":95,"column":13}},"type":"if","locations":[{"start":{"line":90,"column":12},"end":{"line":95,"column":13}}]},"6":{"loc":{"start":{"line":117,"column":10},"end":{"line":121,"column":11}},"type":"if","locations":[{"start":{"line":117,"column":10},"end":{"line":121,"column":11}}]},"7":{"loc":{"start":{"line":139,"column":10},"end":{"line":143,"column":11}},"type":"if","locations":[{"start":{"line":139,"column":10},"end":{"line":143,"column":11}}]}},"s":{"0":2,"1":2,"2":0,"3":0,"4":0,"5":0,"6":0,"7":0,"8":0,"9":0,"10":0,"11":0,"12":0,"13":0,"14":0,"15":0,"16":0,"17":0,"18":0,"19":0,"20":0,"21":0,"22":0,"23":0,"24":0,"25":0,"26":0,"27":0,"28":0,"29":0,"30":0,"31":0,"32":0,"33":0,"34":0,"35":0,"36":0,"37":0,"38":0,"39":0,"40":0,"41":0,"42":0,"43":0,"44":0,"45":0,"46":2},"f":{"0":0,"1":0,"2":0,"3":0,"4":0},"b":{"0":[0,0],"1":[0],"2":[0,0],"3":[0],"4":[0],"5":[0],"6":[0],"7":[0]}}
,"E:\\apps\\Learnings\\Brand_Backend\\src\\controllers\\Skills.ts": {"path":"E:\\apps\\Learnings\\Brand_Backend\\src\\controllers\\Skills.ts","statementMap":{"0":{"start":{"line":3,"column":0},"end":{"line":3,"column":38}},"1":{"start":{"line":4,"column":0},"end":{"line":4,"column":59}},"2":{"start":{"line":8,"column":8},"end":{"line":41,"column":9}},"3":{"start":{"line":9,"column":63},"end":{"line":9,"column":71}},"4":{"start":{"line":10,"column":25},"end":{"line":10,"column":55}},"5":{"start":{"line":13,"column":30},"end":{"line":13,"column":60}},"6":{"start":{"line":14,"column":12},"end":{"line":19,"column":13}},"7":{"start":{"line":15,"column":16},"end":{"line":18,"column":19}},"8":{"start":{"line":22,"column":29},"end":{"line":27,"column":14}},"9":{"start":{"line":30,"column":12},"end":{"line":30,"column":null}},"10":{"start":{"line":31,"column":12},"end":{"line":34,"column":null}},"11":{"start":{"line":36,"column":12},"end":{"line":36,"column":null}},"12":{"start":{"line":37,"column":12},"end":{"line":40,"column":null}},"13":{"start":{"line":46,"column":12},"end":{"line":71,"column":13}},"14":{"start":{"line":47,"column":67},"end":{"line":47,"column":75}},"15":{"start":{"line":48,"column":30},"end":{"line":48,"column":40}},"16":{"start":{"line":49,"column":29},"end":{"line":49,"column":58}},"17":{"start":{"line":52,"column":44},"end":{"line":52,"column":128}},"18":{"start":{"line":53,"column":16},"end":{"line":58,"column":17}},"19":{"start":{"line":54,"column":20},"end":{"line":57,"column":null}},"20":{"start":{"line":59,"column":16},"end":{"line":62,"column":null}},"21":{"start":{"line":65,"column":16},"end":{"line":70,"column":null}},"22":{"start":{"line":76,"column":8},"end":{"line":98,"column":9}},"23":{"start":{"line":77,"column":25},"end":{"line":77,"column":35}},"24":{"start":{"line":78,"column":31},"end":{"line":78,"column":56}},"25":{"start":{"line":79,"column":12},"end":{"line":84,"column":13}},"26":{"start":{"line":80,"column":16},"end":{"line":83,"column":null}},"27":{"start":{"line":87,"column":12},"end":{"line":87,"column":47}},"28":{"start":{"line":88,"column":12},"end":{"line":92,"column":null}},"29":{"start":{"line":94,"column":12},"end":{"line":97,"column":null}},"30":{"start":{"line":104,"column":8},"end":{"line":120,"column":9}},"31":{"start":{"line":105,"column":28},"end":{"line":105,"column":47}},"32":{"start":{"line":106,"column":10},"end":{"line":110,"column":11}},"33":{"start":{"line":107,"column":12},"end":{"line":109,"column":null}},"34":{"start":{"line":111,"column":11},"end":{"line":114,"column":13}},"35":{"start":{"line":116,"column":10},"end":{"line":119,"column":13}},"36":{"start":{"line":6,"column":0},"end":{"line":6,"column":21}}},"fnMap":{"0":{"name":"(anonymous_8)","decl":{"start":{"line":7,"column":4},"end":{"line":7,"column":10}},"loc":{"start":{"line":7,"column":56},"end":{"line":42,"column":null}}},"1":{"name":"(anonymous_10)","decl":{"start":{"line":45,"column":8},"end":{"line":45,"column":14}},"loc":{"start":{"line":45,"column":60},"end":{"line":72,"column":null}}},"2":{"name":"(anonymous_12)","decl":{"start":{"line":75,"column":4},"end":{"line":75,"column":10}},"loc":{"start":{"line":75,"column":56},"end":{"line":99,"column":null}}},"3":{"name":"(anonymous_14)","decl":{"start":{"line":103,"column":4},"end":{"line":103,"column":10}},"loc":{"start":{"line":103,"column":57},"end":{"line":121,"column":null}}}},"branchMap":{"0":{"loc":{"start":{"line":10,"column":25},"end":{"line":10,"column":55}},"type":"cond-expr","locations":[{"start":{"line":10,"column":35},"end":{"line":10,"column":48}},{"start":{"line":10,"column":51},"end":{"line":10,"column":55}}]},"1":{"loc":{"start":{"line":14,"column":12},"end":{"line":19,"column":13}},"type":"if","locations":[{"start":{"line":14,"column":12},"end":{"line":19,"column":13}}]},"2":{"loc":{"start":{"line":49,"column":29},"end":{"line":49,"column":58}},"type":"cond-expr","locations":[{"start":{"line":49,"column":39},"end":{"line":49,"column":52}},{"start":{"line":49,"column":54},"end":{"line":49,"column":58}}]},"3":{"loc":{"start":{"line":53,"column":16},"end":{"line":58,"column":17}},"type":"if","locations":[{"start":{"line":53,"column":16},"end":{"line":58,"column":17}}]},"4":{"loc":{"start":{"line":79,"column":12},"end":{"line":84,"column":13}},"type":"if","locations":[{"start":{"line":79,"column":12},"end":{"line":84,"column":13}}]},"5":{"loc":{"start":{"line":106,"column":10},"end":{"line":110,"column":11}},"type":"if","locations":[{"start":{"line":106,"column":10},"end":{"line":110,"column":11}}]}},"s":{"0":2,"1":2,"2":0,"3":0,"4":0,"5":0,"6":0,"7":0,"8":0,"9":0,"10":0,"11":0,"12":0,"13":0,"14":0,"15":0,"16":0,"17":0,"18":0,"19":0,"20":0,"21":0,"22":0,"23":0,"24":0,"25":0,"26":0,"27":0,"28":0,"29":0,"30":0,"31":0,"32":0,"33":0,"34":0,"35":0,"36":2},"f":{"0":0,"1":0,"2":0,"3":0},"b":{"0":[0,0],"1":[0],"2":[0,0],"3":[0],"4":[0],"5":[0]}}
,"E:\\apps\\Learnings\\Brand_Backend\\src\\controllers\\Subscribe.ts": {"path":"E:\\apps\\Learnings\\Brand_Backend\\src\\controllers\\Subscribe.ts","statementMap":{"0":{"start":{"line":3,"column":0},"end":{"line":3,"column":48}},"1":{"start":{"line":9,"column":8},"end":{"line":40,"column":9}},"2":{"start":{"line":10,"column":48},"end":{"line":10,"column":56}},"3":{"start":{"line":11,"column":12},"end":{"line":16,"column":13}},"4":{"start":{"line":12,"column":15},"end":{"line":15,"column":null}},"5":{"start":{"line":18,"column":31},"end":{"line":18,"column":72}},"6":{"start":{"line":19,"column":12},"end":{"line":23,"column":13}},"7":{"start":{"line":20,"column":16},"end":{"line":22,"column":null}},"8":{"start":{"line":26,"column":27},"end":{"line":29,"column":null}},"9":{"start":{"line":32,"column":12},"end":{"line":32,"column":32}},"10":{"start":{"line":33,"column":12},"end":{"line":35,"column":null}},"11":{"start":{"line":37,"column":11},"end":{"line":39,"column":null}},"12":{"start":{"line":45,"column":8},"end":{"line":60,"column":9}},"13":{"start":{"line":46,"column":26},"end":{"line":46,"column":50}},"14":{"start":{"line":47,"column":10},"end":{"line":51,"column":11}},"15":{"start":{"line":48,"column":12},"end":{"line":50,"column":null}},"16":{"start":{"line":52,"column":10},"end":{"line":55,"column":13}},"17":{"start":{"line":57,"column":11},"end":{"line":59,"column":13}},"18":{"start":{"line":65,"column":8},"end":{"line":88,"column":9}},"19":{"start":{"line":66,"column":25},"end":{"line":66,"column":35}},"20":{"start":{"line":69,"column":29},"end":{"line":69,"column":59}},"21":{"start":{"line":70,"column":12},"end":{"line":74,"column":13}},"22":{"start":{"line":71,"column":15},"end":{"line":73,"column":null}},"23":{"start":{"line":77,"column":12},"end":{"line":77,"column":52}},"24":{"start":{"line":78,"column":12},"end":{"line":80,"column":null}},"25":{"start":{"line":83,"column":12},"end":{"line":83,"column":39}},"26":{"start":{"line":84,"column":12},"end":{"line":87,"column":null}},"27":{"start":{"line":7,"column":0},"end":{"line":7,"column":21}}},"fnMap":{"0":{"name":"(anonymous_8)","decl":{"start":{"line":8,"column":4},"end":{"line":8,"column":10}},"loc":{"start":{"line":8,"column":54},"end":{"line":41,"column":null}}},"1":{"name":"(anonymous_10)","decl":{"start":{"line":44,"column":4},"end":{"line":44,"column":10}},"loc":{"start":{"line":44,"column":55},"end":{"line":61,"column":null}}},"2":{"name":"(anonymous_12)","decl":{"start":{"line":64,"column":4},"end":{"line":64,"column":10}},"loc":{"start":{"line":64,"column":54},"end":{"line":89,"column":null}}}},"branchMap":{"0":{"loc":{"start":{"line":11,"column":12},"end":{"line":16,"column":13}},"type":"if","locations":[{"start":{"line":11,"column":12},"end":{"line":16,"column":13}}]},"1":{"loc":{"start":{"line":19,"column":12},"end":{"line":23,"column":13}},"type":"if","locations":[{"start":{"line":19,"column":12},"end":{"line":23,"column":13}}]},"2":{"loc":{"start":{"line":47,"column":10},"end":{"line":51,"column":11}},"type":"if","locations":[{"start":{"line":47,"column":10},"end":{"line":51,"column":11}}]},"3":{"loc":{"start":{"line":70,"column":12},"end":{"line":74,"column":13}},"type":"if","locations":[{"start":{"line":70,"column":12},"end":{"line":74,"column":13}}]}},"s":{"0":2,"1":0,"2":0,"3":0,"4":0,"5":0,"6":0,"7":0,"8":0,"9":0,"10":0,"11":0,"12":0,"13":0,"14":0,"15":0,"16":0,"17":0,"18":0,"19":0,"20":0,"21":0,"22":0,"23":0,"24":0,"25":0,"26":0,"27":2},"f":{"0":0,"1":0,"2":0},"b":{"0":[0],"1":[0],"2":[0],"3":[0]}}
,"E:\\apps\\Learnings\\Brand_Backend\\src\\controllers\\userRegistration.ts": {"path":"E:\\apps\\Learnings\\Brand_Backend\\src\\controllers\\userRegistration.ts","statementMap":{"0":{"start":{"line":2,"column":0},"end":{"line":2,"column":37}},"1":{"start":{"line":3,"column":0},"end":{"line":3,"column":27}},"2":{"start":{"line":4,"column":0},"end":{"line":4,"column":60}},"3":{"start":{"line":17,"column":8},"end":{"line":56,"column":9}},"4":{"start":{"line":18,"column":75},"end":{"line":18,"column":83}},"5":{"start":{"line":19,"column":36},"end":{"line":19,"column":71}},"6":{"start":{"line":20,"column":12},"end":{"line":25,"column":13}},"7":{"start":{"line":21,"column":16},"end":{"line":24,"column":null}},"8":{"start":{"line":27,"column":30},"end":{"line":27,"column":59}},"9":{"start":{"line":28,"column":12},"end":{"line":34,"column":13}},"10":{"start":{"line":29,"column":14},"end":{"line":33,"column":null}},"11":{"start":{"line":37,"column":35},"end":{"line":37,"column":64}},"12":{"start":{"line":38,"column":28},"end":{"line":45,"column":null}},"13":{"start":{"line":48,"column":12},"end":{"line":48,"column":33}},"14":{"start":{"line":49,"column":13},"end":{"line":51,"column":null}},"15":{"start":{"line":53,"column":12},"end":{"line":55,"column":null}},"16":{"start":{"line":61,"column":8},"end":{"line":76,"column":9}},"17":{"start":{"line":62,"column":27},"end":{"line":62,"column":65}},"18":{"start":{"line":63,"column":10},"end":{"line":67,"column":11}},"19":{"start":{"line":64,"column":12},"end":{"line":66,"column":null}},"20":{"start":{"line":68,"column":11},"end":{"line":71,"column":13}},"21":{"start":{"line":73,"column":10},"end":{"line":75,"column":13}},"22":{"start":{"line":81,"column":8},"end":{"line":97,"column":9}},"23":{"start":{"line":82,"column":23},"end":{"line":82,"column":33}},"24":{"start":{"line":83,"column":29},"end":{"line":83,"column":79}},"25":{"start":{"line":84,"column":10},"end":{"line":88,"column":11}},"26":{"start":{"line":85,"column":12},"end":{"line":87,"column":null}},"27":{"start":{"line":89,"column":11},"end":{"line":92,"column":13}},"28":{"start":{"line":94,"column":10},"end":{"line":96,"column":13}},"29":{"start":{"line":102,"column":8},"end":{"line":136,"column":9}},"30":{"start":{"line":103,"column":37},"end":{"line":103,"column":45}},"31":{"start":{"line":104,"column":23},"end":{"line":104,"column":33}},"32":{"start":{"line":106,"column":10},"end":{"line":108,"column":11}},"33":{"start":{"line":107,"column":12},"end":{"line":107,"column":77}},"34":{"start":{"line":110,"column":28},"end":{"line":110,"column":57}},"35":{"start":{"line":111,"column":10},"end":{"line":117,"column":11}},"36":{"start":{"line":112,"column":12},"end":{"line":116,"column":null}},"37":{"start":{"line":120,"column":30},"end":{"line":120,"column":89}},"38":{"start":{"line":121,"column":10},"end":{"line":125,"column":11}},"39":{"start":{"line":122,"column":12},"end":{"line":124,"column":null}},"40":{"start":{"line":127,"column":10},"end":{"line":131,"column":13}},"41":{"start":{"line":133,"column":10},"end":{"line":135,"column":13}},"42":{"start":{"line":140,"column":8},"end":{"line":162,"column":9}},"43":{"start":{"line":141,"column":25},"end":{"line":141,"column":35}},"44":{"start":{"line":144,"column":30},"end":{"line":144,"column":54}},"45":{"start":{"line":145,"column":12},"end":{"line":149,"column":13}},"46":{"start":{"line":146,"column":16},"end":{"line":148,"column":null}},"47":{"start":{"line":152,"column":12},"end":{"line":152,"column":46}},"48":{"start":{"line":153,"column":12},"end":{"line":156,"column":null}},"49":{"start":{"line":159,"column":10},"end":{"line":161,"column":null}},"50":{"start":{"line":15,"column":0},"end":{"line":15,"column":21}}},"fnMap":{"0":{"name":"(anonymous_8)","decl":{"start":{"line":16,"column":4},"end":{"line":16,"column":10}},"loc":{"start":{"line":16,"column":61},"end":{"line":57,"column":null}}},"1":{"name":"(anonymous_10)","decl":{"start":{"line":60,"column":4},"end":{"line":60,"column":10}},"loc":{"start":{"line":60,"column":56},"end":{"line":77,"column":null}}},"2":{"name":"(anonymous_12)","decl":{"start":{"line":80,"column":4},"end":{"line":80,"column":10}},"loc":{"start":{"line":80,"column":58},"end":{"line":98,"column":null}}},"3":{"name":"(anonymous_14)","decl":{"start":{"line":101,"column":4},"end":{"line":101,"column":10}},"loc":{"start":{"line":101,"column":55},"end":{"line":137,"column":null}}},"4":{"name":"(anonymous_16)","decl":{"start":{"line":139,"column":4},"end":{"line":139,"column":10}},"loc":{"start":{"line":139,"column":55},"end":{"line":163,"column":null}}}},"branchMap":{"0":{"loc":{"start":{"line":20,"column":12},"end":{"line":25,"column":13}},"type":"if","locations":[{"start":{"line":20,"column":12},"end":{"line":25,"column":13}}]},"1":{"loc":{"start":{"line":28,"column":12},"end":{"line":34,"column":13}},"type":"if","locations":[{"start":{"line":28,"column":12},"end":{"line":34,"column":13}}]},"2":{"loc":{"start":{"line":63,"column":10},"end":{"line":67,"column":11}},"type":"if","locations":[{"start":{"line":63,"column":10},"end":{"line":67,"column":11}}]},"3":{"loc":{"start":{"line":84,"column":10},"end":{"line":88,"column":11}},"type":"if","locations":[{"start":{"line":84,"column":10},"end":{"line":88,"column":11}}]},"4":{"loc":{"start":{"line":106,"column":10},"end":{"line":108,"column":11}},"type":"if","locations":[{"start":{"line":106,"column":10},"end":{"line":108,"column":11}}]},"5":{"loc":{"start":{"line":111,"column":10},"end":{"line":117,"column":11}},"type":"if","locations":[{"start":{"line":111,"column":10},"end":{"line":117,"column":11}}]},"6":{"loc":{"start":{"line":121,"column":10},"end":{"line":125,"column":11}},"type":"if","locations":[{"start":{"line":121,"column":10},"end":{"line":125,"column":11}}]},"7":{"loc":{"start":{"line":145,"column":12},"end":{"line":149,"column":13}},"type":"if","locations":[{"start":{"line":145,"column":12},"end":{"line":149,"column":13}}]}},"s":{"0":2,"1":2,"2":2,"3":0,"4":0,"5":0,"6":0,"7":0,"8":0,"9":0,"10":0,"11":0,"12":0,"13":0,"14":0,"15":0,"16":0,"17":0,"18":0,"19":0,"20":0,"21":0,"22":0,"23":0,"24":0,"25":0,"26":0,"27":0,"28":0,"29":0,"30":0,"31":0,"32":0,"33":0,"34":0,"35":0,"36":0,"37":0,"38":0,"39":0,"40":0,"41":0,"42":0,"43":0,"44":0,"45":0,"46":0,"47":0,"48":0,"49":0,"50":2},"f":{"0":0,"1":0,"2":0,"3":0,"4":0},"b":{"0":[0],"1":[0],"2":[0],"3":[0],"4":[0],"5":[0],"6":[0],"7":[0]}}
,"E:\\apps\\Learnings\\Brand_Backend\\src\\middleware\\auth.ts": {"path":"E:\\apps\\Learnings\\Brand_Backend\\src\\middleware\\auth.ts","statementMap":{"0":{"start":{"line":2,"column":0},"end":{"line":2,"column":42}},"1":{"start":{"line":3,"column":0},"end":{"line":3,"column":28}},"2":{"start":{"line":5,"column":0},"end":{"line":5,"column":null}},"3":{"start":{"line":13,"column":8},"end":{"line":39,"column":9}},"4":{"start":{"line":14,"column":43},"end":{"line":14,"column":54}},"5":{"start":{"line":15,"column":12},"end":{"line":19,"column":13}},"6":{"start":{"line":16,"column":16},"end":{"line":18,"column":19}},"7":{"start":{"line":21,"column":26},"end":{"line":21,"column":53}},"8":{"start":{"line":23,"column":12},"end":{"line":27,"column":13}},"9":{"start":{"line":24,"column":16},"end":{"line":26,"column":null}},"10":{"start":{"line":29,"column":38},"end":{"line":29,"column":70}},"11":{"start":{"line":30,"column":25},"end":{"line":30,"column":53}},"12":{"start":{"line":31,"column":12},"end":{"line":31,"column":28}},"13":{"start":{"line":33,"column":12},"end":{"line":33,"column":null}},"14":{"start":{"line":35,"column":13},"end":{"line":38,"column":null}},"15":{"start":{"line":44,"column":8},"end":{"line":54,"column":9}},"16":{"start":{"line":45,"column":25},"end":{"line":45,"column":33}},"17":{"start":{"line":46,"column":12},"end":{"line":48,"column":13}},"18":{"start":{"line":47,"column":15},"end":{"line":47,"column":null}},"19":{"start":{"line":49,"column":12},"end":{"line":51,"column":15}},"20":{"start":{"line":53,"column":16},"end":{"line":53,"column":35}},"21":{"start":{"line":11,"column":0},"end":{"line":11,"column":21}}},"fnMap":{"0":{"name":"(anonymous_8)","decl":{"start":{"line":12,"column":4},"end":{"line":12,"column":10}},"loc":{"start":{"line":12,"column":89},"end":{"line":40,"column":null}}},"1":{"name":"(anonymous_10)","decl":{"start":{"line":43,"column":4},"end":{"line":43,"column":10}},"loc":{"start":{"line":43,"column":83},"end":{"line":55,"column":null}}}},"branchMap":{"0":{"loc":{"start":{"line":15,"column":12},"end":{"line":19,"column":13}},"type":"if","locations":[{"start":{"line":15,"column":12},"end":{"line":19,"column":13}}]},"1":{"loc":{"start":{"line":23,"column":12},"end":{"line":27,"column":13}},"type":"if","locations":[{"start":{"line":23,"column":12},"end":{"line":27,"column":13}}]},"2":{"loc":{"start":{"line":46,"column":12},"end":{"line":48,"column":13}},"type":"if","locations":[{"start":{"line":46,"column":12},"end":{"line":48,"column":13}}]}},"s":{"0":2,"1":2,"2":2,"3":8,"4":8,"5":8,"6":0,"7":8,"8":8,"9":0,"10":8,"11":8,"12":8,"13":8,"14":0,"15":8,"16":8,"17":8,"18":8,"19":0,"20":0,"21":2},"f":{"0":8,"1":8},"b":{"0":[0],"1":[0],"2":[8]}}
,"E:\\apps\\Learnings\\Brand_Backend\\src\\models\\Blogs.ts": {"path":"E:\\apps\\Learnings\\Brand_Backend\\src\\models\\Blogs.ts","statementMap":{"0":{"start":{"line":1,"column":0},"end":{"line":1,"column":59}},"1":{"start":{"line":26,"column":19},"end":{"line":58,"column":2}},"2":{"start":{"line":60,"column":28},"end":{"line":60,"column":70}},"3":{"start":{"line":62,"column":0},"end":{"line":62,"column":21}}},"fnMap":{},"branchMap":{},"s":{"0":2,"1":2,"2":2,"3":2},"f":{},"b":{}}
,"E:\\apps\\Learnings\\Brand_Backend\\src\\models\\Messages.ts": {"path":"E:\\apps\\Learnings\\Brand_Backend\\src\\models\\Messages.ts","statementMap":{"0":{"start":{"line":1,"column":0},"end":{"line":1,"column":59}},"1":{"start":{"line":11,"column":23},"end":{"line":32,"column":2}},"2":{"start":{"line":34,"column":35},"end":{"line":34,"column":88}},"3":{"start":{"line":36,"column":0},"end":{"line":36,"column":24}}},"fnMap":{},"branchMap":{},"s":{"0":2,"1":2,"2":2,"3":2},"f":{},"b":{}}
,"E:\\apps\\Learnings\\Brand_Backend\\src\\models\\Projects.ts": {"path":"E:\\apps\\Learnings\\Brand_Backend\\src\\models\\Projects.ts","statementMap":{"0":{"start":{"line":1,"column":0},"end":{"line":1,"column":59}},"1":{"start":{"line":16,"column":23},"end":{"line":41,"column":2}},"2":{"start":{"line":43,"column":35},"end":{"line":43,"column":88}},"3":{"start":{"line":45,"column":0},"end":{"line":45,"column":24}}},"fnMap":{},"branchMap":{},"s":{"0":2,"1":2,"2":2,"3":2},"f":{},"b":{}}
,"E:\\apps\\Learnings\\Brand_Backend\\src\\models\\Skills.ts": {"path":"E:\\apps\\Learnings\\Brand_Backend\\src\\models\\Skills.ts","statementMap":{"0":{"start":{"line":1,"column":0},"end":{"line":1,"column":59}},"1":{"start":{"line":11,"column":21},"end":{"line":28,"column":2}},"2":{"start":{"line":30,"column":31},"end":{"line":30,"column":78}},"3":{"start":{"line":32,"column":0},"end":{"line":32,"column":22}}},"fnMap":{},"branchMap":{},"s":{"0":2,"1":2,"2":2,"3":2},"f":{},"b":{}}
,"E:\\apps\\Learnings\\Brand_Backend\\src\\models\\Subscribers.ts": {"path":"E:\\apps\\Learnings\\Brand_Backend\\src\\models\\Subscribers.ts","statementMap":{"0":{"start":{"line":1,"column":0},"end":{"line":1,"column":59}},"1":{"start":{"line":8,"column":26},"end":{"line":17,"column":2}},"2":{"start":{"line":19,"column":33},"end":{"line":19,"column":87}},"3":{"start":{"line":21,"column":0},"end":{"line":21,"column":27}}},"fnMap":{},"branchMap":{},"s":{"0":2,"1":2,"2":2,"3":2},"f":{},"b":{}}
,"E:\\apps\\Learnings\\Brand_Backend\\src\\models\\Users.ts": {"path":"E:\\apps\\Learnings\\Brand_Backend\\src\\models\\Users.ts","statementMap":{"0":{"start":{"line":1,"column":0},"end":{"line":1,"column":54}},"1":{"start":{"line":2,"column":0},"end":{"line":2,"column":28}},"2":{"start":{"line":13,"column":19},"end":{"line":35,"column":2}},"3":{"start":{"line":37,"column":0},"end":{"line":39,"column":2}},"4":{"start":{"line":38,"column":2},"end":{"line":38,"column":59}},"5":{"start":{"line":41,"column":14},"end":{"line":41,"column":49}},"6":{"start":{"line":43,"column":0},"end":{"line":43,"column":21}}},"fnMap":{"0":{"name":"(anonymous_14)","decl":{"start":{"line":37,"column":37},"end":{"line":37,"column":53}},"loc":{"start":{"line":37,"column":73},"end":{"line":39,"column":2}}}},"branchMap":{},"s":{"0":2,"1":2,"2":2,"3":2,"4":0,"5":2,"6":2},"f":{"0":0},"b":{}}
,"E:\\apps\\Learnings\\Brand_Backend\\src\\routes\\Blogs.ts": {"path":"E:\\apps\\Learnings\\Brand_Backend\\src\\routes\\Blogs.ts","statementMap":{"0":{"start":{"line":1,"column":0},"end":{"line":1,"column":29}},"1":{"start":{"line":2,"column":0},"end":{"line":2,"column":51}},"2":{"start":{"line":3,"column":0},"end":{"line":3,"column":37}},"3":{"start":{"line":4,"column":0},"end":{"line":4,"column":44}},"4":{"start":{"line":6,"column":15},"end":{"line":6,"column":31}},"5":{"start":{"line":9,"column":0},"end":{"line":9,"column":52}},"6":{"start":{"line":10,"column":0},"end":{"line":10,"column":127}},"7":{"start":{"line":11,"column":0},"end":{"line":11,"column":107}},"8":{"start":{"line":12,"column":0},"end":{"line":12,"column":55}},"9":{"start":{"line":13,"column":0},"end":{"line":13,"column":61}},"10":{"start":{"line":14,"column":0},"end":{"line":14,"column":48}},"11":{"start":{"line":15,"column":0},"end":{"line":15,"column":50}},"12":{"start":{"line":18,"column":0},"end":{"line":18,"column":22}}},"fnMap":{},"branchMap":{},"s":{"0":2,"1":2,"2":2,"3":2,"4":2,"5":2,"6":2,"7":2,"8":2,"9":2,"10":2,"11":2,"12":2},"f":{},"b":{}}
,"E:\\apps\\Learnings\\Brand_Backend\\src\\routes\\Login.ts": {"path":"E:\\apps\\Learnings\\Brand_Backend\\src\\routes\\Login.ts","statementMap":{"0":{"start":{"line":1,"column":0},"end":{"line":1,"column":29}},"1":{"start":{"line":2,"column":0},"end":{"line":2,"column":51}},"2":{"start":{"line":4,"column":15},"end":{"line":4,"column":31}},"3":{"start":{"line":7,"column":0},"end":{"line":7,"column":49}},"4":{"start":{"line":13,"column":0},"end":{"line":13,"column":22}}},"fnMap":{},"branchMap":{},"s":{"0":2,"1":2,"2":2,"3":2,"4":2},"f":{},"b":{}}
,"E:\\apps\\Learnings\\Brand_Backend\\src\\routes\\Messages.ts": {"path":"E:\\apps\\Learnings\\Brand_Backend\\src\\routes\\Messages.ts","statementMap":{"0":{"start":{"line":1,"column":0},"end":{"line":1,"column":29}},"1":{"start":{"line":2,"column":0},"end":{"line":2,"column":57}},"2":{"start":{"line":3,"column":0},"end":{"line":3,"column":44}},"3":{"start":{"line":5,"column":15},"end":{"line":5,"column":31}},"4":{"start":{"line":7,"column":0},"end":{"line":7,"column":53}},"5":{"start":{"line":8,"column":0},"end":{"line":8,"column":112}},"6":{"start":{"line":9,"column":0},"end":{"line":9,"column":104}},"7":{"start":{"line":10,"column":0},"end":{"line":10,"column":56}},"8":{"start":{"line":12,"column":0},"end":{"line":12,"column":22}}},"fnMap":{},"branchMap":{},"s":{"0":2,"1":2,"2":2,"3":2,"4":2,"5":2,"6":2,"7":2,"8":2},"f":{},"b":{}}
,"E:\\apps\\Learnings\\Brand_Backend\\src\\routes\\Projects.ts": {"path":"E:\\apps\\Learnings\\Brand_Backend\\src\\routes\\Projects.ts","statementMap":{"0":{"start":{"line":1,"column":0},"end":{"line":1,"column":29}},"1":{"start":{"line":2,"column":0},"end":{"line":2,"column":58}},"2":{"start":{"line":3,"column":0},"end":{"line":3,"column":37}},"3":{"start":{"line":4,"column":0},"end":{"line":4,"column":44}},"4":{"start":{"line":6,"column":15},"end":{"line":6,"column":31}},"5":{"start":{"line":8,"column":0},"end":{"line":8,"column":128}},"6":{"start":{"line":9,"column":0},"end":{"line":9,"column":131}},"7":{"start":{"line":10,"column":0},"end":{"line":10,"column":112}},"8":{"start":{"line":11,"column":0},"end":{"line":11,"column":54}},"9":{"start":{"line":12,"column":0},"end":{"line":12,"column":56}},"10":{"start":{"line":15,"column":0},"end":{"line":15,"column":22}}},"fnMap":{},"branchMap":{},"s":{"0":2,"1":2,"2":2,"3":2,"4":2,"5":2,"6":2,"7":2,"8":2,"9":2,"10":2},"f":{},"b":{}}
,"E:\\apps\\Learnings\\Brand_Backend\\src\\routes\\Skills.ts": {"path":"E:\\apps\\Learnings\\Brand_Backend\\src\\routes\\Skills.ts","statementMap":{"0":{"start":{"line":1,"column":0},"end":{"line":1,"column":29}},"1":{"start":{"line":2,"column":0},"end":{"line":2,"column":53}},"2":{"start":{"line":3,"column":0},"end":{"line":3,"column":37}},"3":{"start":{"line":4,"column":0},"end":{"line":4,"column":44}},"4":{"start":{"line":6,"column":15},"end":{"line":6,"column":31}},"5":{"start":{"line":8,"column":0},"end":{"line":8,"column":122}},"6":{"start":{"line":9,"column":0},"end":{"line":9,"column":125}},"7":{"start":{"line":10,"column":0},"end":{"line":10,"column":108}},"8":{"start":{"line":11,"column":0},"end":{"line":11,"column":50}},"9":{"start":{"line":14,"column":0},"end":{"line":14,"column":22}}},"fnMap":{},"branchMap":{},"s":{"0":2,"1":2,"2":2,"3":2,"4":2,"5":2,"6":2,"7":2,"8":2,"9":2},"f":{},"b":{}}
,"E:\\apps\\Learnings\\Brand_Backend\\src\\routes\\Subs.ts": {"path":"E:\\apps\\Learnings\\Brand_Backend\\src\\routes\\Subs.ts","statementMap":{"0":{"start":{"line":1,"column":0},"end":{"line":1,"column":29}},"1":{"start":{"line":2,"column":0},"end":{"line":2,"column":61}},"2":{"start":{"line":4,"column":15},"end":{"line":4,"column":31}},"3":{"start":{"line":6,"column":0},"end":{"line":6,"column":60}},"4":{"start":{"line":7,"column":0},"end":{"line":7,"column":62}},"5":{"start":{"line":8,"column":0},"end":{"line":8,"column":53}},"6":{"start":{"line":10,"column":0},"end":{"line":10,"column":22}}},"fnMap":{},"branchMap":{},"s":{"0":2,"1":2,"2":2,"3":2,"4":2,"5":2,"6":2},"f":{},"b":{}}
,"E:\\apps\\Learnings\\Brand_Backend\\src\\routes\\userRegistration.ts": {"path":"E:\\apps\\Learnings\\Brand_Backend\\src\\routes\\userRegistration.ts","statementMap":{"0":{"start":{"line":1,"column":0},"end":{"line":1,"column":29}},"1":{"start":{"line":2,"column":0},"end":{"line":2,"column":62}},"2":{"start":{"line":3,"column":0},"end":{"line":3,"column":44}},"3":{"start":{"line":5,"column":15},"end":{"line":5,"column":31}},"4":{"start":{"line":8,"column":0},"end":{"line":8,"column":59}},"5":{"start":{"line":9,"column":0},"end":{"line":9,"column":96}},"6":{"start":{"line":10,"column":0},"end":{"line":10,"column":55}},"7":{"start":{"line":11,"column":0},"end":{"line":11,"column":59}},"8":{"start":{"line":12,"column":0},"end":{"line":12,"column":57}},"9":{"start":{"line":17,"column":0},"end":{"line":17,"column":22}}},"fnMap":{},"branchMap":{},"s":{"0":2,"1":2,"2":2,"3":2,"4":2,"5":2,"6":2,"7":2,"8":2,"9":2},"f":{},"b":{}}
,"E:\\apps\\Learnings\\Brand_Backend\\src\\utils\\multer.ts": {"path":"E:\\apps\\Learnings\\Brand_Backend\\src\\utils\\multer.ts","statementMap":{"0":{"start":{"line":2,"column":0},"end":{"line":2,"column":28}},"1":{"start":{"line":4,"column":16},"end":{"line":11,"column":2}},"2":{"start":{"line":6,"column":8},"end":{"line":6,"column":29}},"3":{"start":{"line":9,"column":8},"end":{"line":9,"column":36}},"4":{"start":{"line":13,"column":16},"end":{"line":13,"column":33}},"5":{"start":{"line":15,"column":1},"end":{"line":15,"column":null}}},"fnMap":{"0":{"name":"(anonymous_1)","decl":{"start":{"line":5,"column":17},"end":{"line":5,"column":18}},"loc":{"start":{"line":5,"column":44},"end":{"line":7,"column":5}}},"1":{"name":"(anonymous_2)","decl":{"start":{"line":8,"column":14},"end":{"line":8,"column":15}},"loc":{"start":{"line":8,"column":41},"end":{"line":10,"column":5}}}},"branchMap":{},"s":{"0":2,"1":2,"2":0,"3":0,"4":2,"5":2},"f":{"0":0,"1":0},"b":{}}
,"E:\\apps\\Learnings\\Brand_Backend\\src\\validations\\BlogValidations.ts": {"path":"E:\\apps\\Learnings\\Brand_Backend\\src\\validations\\BlogValidations.ts","statementMap":{"0":{"start":{"line":1,"column":0},"end":{"line":1,"column":22}},"1":{"start":{"line":10,"column":19},"end":{"line":15,"column":2}},"2":{"start":{"line":17,"column":0},"end":{"line":17,"column":26}}},"fnMap":{},"branchMap":{},"s":{"0":2,"1":2,"2":2},"f":{},"b":{}}
,"E:\\apps\\Learnings\\Brand_Backend\\src\\validations\\MessagesValitions.ts": {"path":"E:\\apps\\Learnings\\Brand_Backend\\src\\validations\\MessagesValitions.ts","statementMap":{"0":{"start":{"line":1,"column":0},"end":{"line":1,"column":22}},"1":{"start":{"line":9,"column":22},"end":{"line":13,"column":2}},"2":{"start":{"line":15,"column":0},"end":{"line":15,"column":29}}},"fnMap":{},"branchMap":{},"s":{"0":2,"1":2,"2":2},"f":{},"b":{}}
,"E:\\apps\\Learnings\\Brand_Backend\\src\\validations\\RegisterValidations.ts": {"path":"E:\\apps\\Learnings\\Brand_Backend\\src\\validations\\RegisterValidations.ts","statementMap":{"0":{"start":{"line":1,"column":0},"end":{"line":1,"column":27}},"1":{"start":{"line":10,"column":24},"end":{"line":10,"column":94}},"2":{"start":{"line":13,"column":19},"end":{"line":18,"column":2}},"3":{"start":{"line":20,"column":0},"end":{"line":20,"column":26}}},"fnMap":{},"branchMap":{},"s":{"0":2,"1":2,"2":2,"3":2},"f":{},"b":{}}
,"E:\\apps\\Learnings\\Brand_Backend\\src\\validations\\SkillsValidations.ts": {"path":"E:\\apps\\Learnings\\Brand_Backend\\src\\validations\\SkillsValidations.ts","statementMap":{"0":{"start":{"line":1,"column":0},"end":{"line":1,"column":22}},"1":{"start":{"line":10,"column":20},"end":{"line":15,"column":2}},"2":{"start":{"line":17,"column":0},"end":{"line":17,"column":27}}},"fnMap":{},"branchMap":{},"s":{"0":2,"1":2,"2":2},"f":{},"b":{}}
,"E:\\apps\\Learnings\\Brand_Backend\\src\\validations\\projectsValidations.ts": {"path":"E:\\apps\\Learnings\\Brand_Backend\\src\\validations\\projectsValidations.ts","statementMap":{"0":{"start":{"line":1,"column":0},"end":{"line":1,"column":22}},"1":{"start":{"line":12,"column":22},"end":{"line":18,"column":2}},"2":{"start":{"line":20,"column":0},"end":{"line":20,"column":29}}},"fnMap":{},"branchMap":{},"s":{"0":2,"1":2,"2":2},"f":{},"b":{}}
}
