TN:
SF:src\index.ts
FN:37,(anonymous_1)
FNF:1
FNH:1
FNDA:1,(anonymous_1)
DA:1,6
DA:2,6
DA:3,6
DA:4,6
DA:5,6
DA:6,6
DA:7,6
DA:8,6
DA:9,6
DA:10,6
DA:11,6
DA:13,6
DA:15,6
DA:16,6
DA:17,6
DA:19,6
DA:21,6
DA:22,6
DA:24,6
DA:27,6
DA:28,6
DA:29,6
DA:30,6
DA:31,6
DA:32,6
DA:33,6
DA:35,6
DA:37,6
DA:38,1
DA:41,6
LF:30
LH:30
BRDA:22,0,0,6
BRDA:22,0,1,0
BRDA:35,1,0,6
BRDA:35,1,1,0
BRF:4
BRH:2
end_of_record
TN:
SF:src\config\database.ts
FN:3,(anonymous_1)
FN:15,(anonymous_2)
FN:20,(anonymous_3)
FNF:3
FNH:2
FNDA:6,(anonymous_1)
FNDA:0,(anonymous_2)
FNDA:6,(anonymous_3)
DA:1,6
DA:3,6
DA:4,6
DA:6,6
DA:7,0
DA:8,0
DA:11,6
DA:13,6
DA:15,6
DA:16,0
DA:17,0
DA:20,6
DA:21,6
DA:25,6
LF:14
LH:10
BRDA:4,0,0,6
BRDA:4,0,1,0
BRDA:6,1,0,0
BRF:3
BRH:1
end_of_record
TN:
SF:src\controllers\Blogs.ts
FN:8,(anonymous_8)
FN:46,(anonymous_10)
FN:77,(anonymous_12)
FN:104,(anonymous_14)
FN:121,(anonymous_16)
FN:150,(anonymous_17)
FN:187,(anonymous_19)
FN:208,(anonymous_21)
FNF:8
FNH:7
FNDA:4,(anonymous_8)
FNDA:3,(anonymous_10)
FNDA:3,(anonymous_12)
FNDA:4,(anonymous_14)
FNDA:1,(anonymous_16)
FNDA:4,(anonymous_17)
FNDA:3,(anonymous_19)
FNDA:0,(anonymous_21)
DA:2,6
DA:4,6
DA:7,6
DA:9,4
DA:10,4
DA:11,4
DA:13,4
DA:14,4
DA:15,2
DA:22,2
DA:31,2
DA:32,1
DA:38,1
DA:47,3
DA:48,3
DA:49,3
DA:50,3
DA:53,3
DA:54,2
DA:55,1
DA:60,1
DA:66,1
DA:78,3
DA:79,3
DA:80,3
DA:81,3
DA:82,1
DA:89,2
DA:90,1
DA:95,1
DA:105,4
DA:106,4
DA:107,4
DA:110,4
DA:111,4
DA:112,1
DA:118,3
DA:119,3
DA:121,1
DA:122,1
DA:124,1
DA:132,2
DA:133,2
DA:135,1
DA:141,1
DA:151,4
DA:152,4
DA:153,4
DA:156,4
DA:157,4
DA:158,1
DA:164,3
DA:165,1
DA:170,2
DA:171,2
DA:173,1
DA:178,1
DA:188,3
DA:189,3
DA:190,2
DA:191,1
DA:195,1
DA:200,1
DA:209,0
DA:210,0
DA:211,0
DA:212,0
DA:213,0
DA:218,0
DA:223,0
LF:70
LH:63
BRDA:11,0,0,0
BRDA:11,0,1,4
BRDA:14,1,0,2
BRDA:50,2,0,0
BRDA:50,2,1,3
BRDA:54,3,0,1
BRDA:81,4,0,1
BRDA:111,5,0,1
BRDA:119,6,0,1
BRDA:157,7,0,1
BRDA:164,8,0,1
BRDA:164,9,0,3
BRDA:164,9,1,3
BRDA:190,10,0,1
BRDA:212,11,0,0
BRF:15
BRH:12
end_of_record
TN:
SF:src\controllers\Login.ts
FN:7,(anonymous_8)
FNF:1
FNH:1
FNDA:2,(anonymous_8)
DA:2,6
DA:3,6
DA:6,6
DA:8,2
DA:9,2
DA:12,2
DA:13,1
DA:14,0
DA:20,1
DA:22,0
DA:23,0
DA:24,0
DA:30,1
DA:34,1
LF:14
LH:10
BRDA:13,0,0,0
BRDA:20,1,0,0
BRDA:20,1,1,1
BRDA:20,2,0,1
BRDA:20,2,1,1
BRF:5
BRH:3
end_of_record
TN:
SF:src\controllers\Messages.ts
FN:9,(anonymous_8)
FN:49,(anonymous_10)
FN:69,(anonymous_12)
FN:96,(anonymous_14)
FNF:4
FNH:4
FNDA:2,(anonymous_8)
FNDA:2,(anonymous_10)
FNDA:3,(anonymous_12)
FNDA:4,(anonymous_14)
DA:2,6
DA:4,6
DA:8,6
DA:10,2
DA:11,2
DA:13,2
DA:14,2
DA:15,1
DA:21,1
DA:23,1
DA:25,1
DA:31,1
DA:33,0
DA:34,0
DA:37,0
DA:41,1
DA:50,2
DA:51,2
DA:52,1
DA:53,0
DA:57,1
DA:62,1
DA:70,3
DA:71,3
DA:74,3
DA:75,3
DA:76,1
DA:82,2
DA:83,1
DA:88,1
DA:97,4
DA:98,4
DA:99,4
DA:101,4
DA:102,1
DA:108,3
DA:110,2
DA:111,1
DA:117,1
DA:122,1
LF:40
LH:36
BRDA:14,0,0,1
BRDA:23,1,0,1
BRDA:23,1,1,0
BRDA:52,2,0,0
BRDA:75,3,0,1
BRDA:101,4,0,1
BRDA:110,5,0,1
BRF:7
BRH:5
end_of_record
TN:
SF:src\controllers\Projects.ts
FN:7,(anonymous_8)
FN:47,(anonymous_10)
FN:88,(anonymous_12)
FN:116,(anonymous_14)
FN:137,(anonymous_16)
FNF:5
FNH:5
FNDA:3,(anonymous_8)
FNDA:3,(anonymous_10)
FNDA:2,(anonymous_12)
FNDA:3,(anonymous_14)
FNDA:3,(anonymous_16)
DA:3,6
DA:4,6
DA:6,6
DA:8,3
DA:9,3
DA:10,3
DA:13,3
DA:14,3
DA:15,3
DA:23,0
DA:32,0
DA:33,0
DA:38,0
DA:39,0
DA:48,3
DA:49,3
DA:50,3
DA:51,3
DA:64,3
DA:65,2
DA:66,1
DA:72,1
DA:78,1
DA:89,2
DA:90,2
DA:91,2
DA:92,1
DA:93,0
DA:100,1
DA:101,0
DA:107,2
DA:117,3
DA:118,3
DA:119,2
DA:120,1
DA:124,1
DA:129,1
DA:138,3
DA:139,3
DA:140,3
DA:141,2
DA:142,1
DA:146,1
DA:151,1
LF:44
LH:37
BRDA:10,0,0,0
BRDA:10,0,1,3
BRDA:14,1,0,3
BRDA:51,2,0,0
BRDA:51,2,1,3
BRDA:65,3,0,1
BRDA:92,4,0,0
BRDA:119,5,0,1
BRDA:141,6,0,1
BRF:9
BRH:6
end_of_record
TN:
SF:src\controllers\Skills.ts
FN:7,(anonymous_8)
FN:45,(anonymous_10)
FN:75,(anonymous_12)
FN:102,(anonymous_14)
FN:125,(anonymous_16)
FNF:5
FNH:4
FNDA:2,(anonymous_8)
FNDA:3,(anonymous_10)
FNDA:3,(anonymous_12)
FNDA:0,(anonymous_14)
FNDA:3,(anonymous_16)
DA:3,6
DA:4,6
DA:6,6
DA:8,2
DA:9,2
DA:10,2
DA:13,2
DA:14,2
DA:15,2
DA:22,0
DA:30,0
DA:31,0
DA:36,0
DA:37,0
DA:46,3
DA:47,3
DA:48,3
DA:49,3
DA:52,3
DA:53,2
DA:54,1
DA:59,1
DA:65,1
DA:76,3
DA:77,3
DA:78,3
DA:79,3
DA:80,1
DA:87,2
DA:88,1
DA:94,1
DA:103,0
DA:104,0
DA:105,0
DA:106,0
DA:107,0
DA:111,0
DA:116,0
DA:126,3
DA:127,3
DA:128,2
DA:129,1
DA:133,1
DA:138,1
LF:44
LH:32
BRDA:10,0,0,0
BRDA:10,0,1,2
BRDA:14,1,0,2
BRDA:49,2,0,0
BRDA:49,2,1,3
BRDA:53,3,0,1
BRDA:79,4,0,1
BRDA:106,5,0,0
BRDA:128,6,0,1
BRF:9
BRH:6
end_of_record
TN:
SF:src\controllers\Subscribe.ts
FN:8,(anonymous_8)
FN:40,(anonymous_10)
FN:60,(anonymous_12)
FNF:3
FNH:0
FNDA:0,(anonymous_8)
FNDA:0,(anonymous_10)
FNDA:0,(anonymous_12)
DA:3,6
DA:7,6
DA:9,0
DA:10,0
DA:11,0
DA:12,0
DA:18,0
DA:19,0
DA:20,0
DA:26,0
DA:28,0
DA:29,0
DA:33,0
DA:41,0
DA:42,0
DA:43,0
DA:44,0
DA:48,0
DA:53,0
DA:61,0
DA:62,0
DA:65,0
DA:66,0
DA:67,0
DA:73,0
DA:74,0
DA:79,0
DA:80,0
LF:28
LH:2
BRDA:11,0,0,0
BRDA:19,1,0,0
BRDA:43,2,0,0
BRDA:66,3,0,0
BRF:4
BRH:0
end_of_record
TN:
SF:src\controllers\userRegistration.ts
FN:15,(anonymous_8)
FN:57,(anonymous_10)
FN:77,(anonymous_12)
FN:98,(anonymous_14)
FN:135,(anonymous_16)
FNF:5
FNH:2
FNDA:3,(anonymous_8)
FNDA:2,(anonymous_10)
FNDA:0,(anonymous_12)
FNDA:0,(anonymous_14)
FNDA:0,(anonymous_16)
DA:2,6
DA:3,6
DA:4,6
DA:14,6
DA:16,3
DA:17,3
DA:18,3
DA:19,3
DA:20,1
DA:26,2
DA:27,2
DA:28,1
DA:35,1
DA:36,1
DA:45,1
DA:46,0
DA:50,1
DA:58,2
DA:59,2
DA:60,1
DA:61,0
DA:65,1
DA:70,1
DA:78,0
DA:79,0
DA:80,0
DA:81,0
DA:82,0
DA:86,0
DA:91,0
DA:99,0
DA:100,0
DA:101,0
DA:103,0
DA:104,0
DA:107,0
DA:108,0
DA:109,0
DA:116,0
DA:117,0
DA:118,0
DA:123,0
DA:129,0
DA:136,0
DA:137,0
DA:140,0
DA:141,0
DA:142,0
DA:148,0
DA:149,0
DA:155,0
LF:51
LH:21
BRDA:19,0,0,1
BRDA:27,1,0,1
BRDA:60,2,0,0
BRDA:81,3,0,0
BRDA:103,4,0,0
BRDA:108,5,0,0
BRDA:117,6,0,0
BRDA:141,7,0,0
BRF:8
BRH:2
end_of_record
TN:
SF:src\middleware\auth.ts
FN:12,(anonymous_8)
FN:44,(anonymous_10)
FNF:2
FNH:2
FNDA:33,(anonymous_8)
FNDA:33,(anonymous_10)
DA:2,6
DA:3,6
DA:5,6
DA:11,6
DA:13,33
DA:14,33
DA:15,33
DA:16,0
DA:21,33
DA:23,33
DA:24,0
DA:30,33
DA:31,33
DA:32,33
DA:35,33
DA:37,0
DA:45,33
DA:46,33
DA:47,33
DA:48,33
DA:50,0
DA:54,0
LF:22
LH:17
BRDA:15,0,0,0
BRDA:23,1,0,0
BRDA:47,2,0,33
BRF:3
BRH:1
end_of_record
TN:
SF:src\models\Blogs.ts
FNF:0
FNH:0
DA:1,6
DA:27,6
DA:61,6
DA:63,6
LF:4
LH:4
BRF:0
BRH:0
end_of_record
TN:
SF:src\models\Messages.ts
FNF:0
FNH:0
DA:1,6
DA:11,6
DA:34,6
DA:36,6
LF:4
LH:4
BRF:0
BRH:0
end_of_record
TN:
SF:src\models\Projects.ts
FNF:0
FNH:0
DA:1,6
DA:16,6
DA:42,6
DA:44,6
LF:4
LH:4
BRF:0
BRH:0
end_of_record
TN:
SF:src\models\Skills.ts
FNF:0
FNH:0
DA:1,6
DA:11,6
DA:29,6
DA:31,6
LF:4
LH:4
BRF:0
BRH:0
end_of_record
TN:
SF:src\models\Subscribers.ts
FNF:0
FNH:0
DA:1,6
DA:8,6
DA:19,6
DA:21,6
LF:4
LH:4
BRF:0
BRH:0
end_of_record
TN:
SF:src\models\Users.ts
FN:37,(anonymous_14)
FNF:1
FNH:1
FNDA:1,(anonymous_14)
DA:1,6
DA:2,6
DA:13,6
DA:37,6
DA:38,1
DA:41,6
DA:43,6
LF:7
LH:7
BRF:0
BRH:0
end_of_record
TN:
SF:src\routes\Blogs.ts
FNF:0
FNH:0
DA:1,6
DA:2,6
DA:3,6
DA:4,6
DA:6,6
DA:8,6
DA:9,6
DA:10,6
DA:11,6
DA:12,6
DA:13,6
DA:14,6
DA:17,6
LF:13
LH:13
BRF:0
BRH:0
end_of_record
TN:
SF:src\routes\Login.ts
FNF:0
FNH:0
DA:1,6
DA:2,6
DA:4,6
DA:7,6
DA:13,6
LF:5
LH:5
BRF:0
BRH:0
end_of_record
TN:
SF:src\routes\Messages.ts
FNF:0
FNH:0
DA:1,6
DA:2,6
DA:3,6
DA:5,6
DA:10,6
DA:11,6
DA:12,6
DA:13,6
DA:15,6
LF:9
LH:9
BRF:0
BRH:0
end_of_record
TN:
SF:src\routes\Projects.ts
FNF:0
FNH:0
DA:1,6
DA:2,6
DA:3,6
DA:4,6
DA:6,6
DA:15,6
DA:16,6
DA:17,6
DA:18,6
DA:19,6
DA:22,6
LF:11
LH:11
BRF:0
BRH:0
end_of_record
TN:
SF:src\routes\Skills.ts
FNF:0
FNH:0
DA:1,6
DA:2,6
DA:3,6
DA:4,6
DA:6,6
DA:13,6
DA:14,6
DA:15,6
DA:16,6
DA:17,6
DA:21,6
LF:11
LH:11
BRF:0
BRH:0
end_of_record
TN:
SF:src\routes\Subs.ts
FNF:0
FNH:0
DA:1,6
DA:2,6
DA:3,6
DA:5,6
DA:7,6
DA:8,6
DA:9,6
DA:11,6
LF:8
LH:8
BRF:0
BRH:0
end_of_record
TN:
SF:src\routes\userRegistration.ts
FNF:0
FNH:0
DA:1,6
DA:2,6
DA:3,6
DA:5,6
DA:9,6
DA:10,6
DA:11,6
DA:12,6
DA:13,6
DA:18,6
LF:10
LH:10
BRF:0
BRH:0
end_of_record
TN:
SF:src\utils\multer.ts
FN:5,(anonymous_1)
FN:8,(anonymous_2)
FNF:2
FNH:0
FNDA:0,(anonymous_1)
FNDA:0,(anonymous_2)
DA:2,6
DA:4,6
DA:6,0
DA:9,0
DA:13,6
DA:15,6
LF:6
LH:4
BRF:0
BRH:0
end_of_record
TN:
SF:src\validations\BlogValidations.ts
FNF:0
FNH:0
DA:1,6
DA:11,6
DA:19,6
LF:3
LH:3
BRF:0
BRH:0
end_of_record
TN:
SF:src\validations\MessagesValitions.ts
FNF:0
FNH:0
DA:1,6
DA:9,6
DA:15,6
LF:3
LH:3
BRF:0
BRH:0
end_of_record
TN:
SF:src\validations\RegisterValidations.ts
FNF:0
FNH:0
DA:1,6
DA:10,6
DA:13,6
DA:20,6
LF:4
LH:4
BRF:0
BRH:0
end_of_record
TN:
SF:src\validations\SkillsValidations.ts
FNF:0
FNH:0
DA:1,6
DA:10,6
DA:17,6
LF:3
LH:3
BRF:0
BRH:0
end_of_record
TN:
SF:src\validations\projectsValidations.ts
FNF:0
FNH:0
DA:1,6
DA:11,6
DA:19,6
LF:3
LH:3
BRF:0
BRH:0
end_of_record
