TN:
SF:src\index.ts
FN:35,(anonymous_1)
FNF:1
FNH:1
FNDA:1,(anonymous_1)
DA:2,1
DA:3,1
DA:5,1
DA:6,1
DA:7,1
DA:8,1
DA:9,1
DA:10,1
DA:11,1
DA:14,1
DA:16,1
DA:17,1
DA:21,1
DA:24,1
DA:25,1
DA:26,1
DA:27,1
DA:28,1
DA:29,1
DA:30,1
DA:33,1
DA:35,1
DA:36,1
DA:40,1
LF:24
LH:24
BRDA:33,0,0,1
BRDA:33,0,1,0
BRF:2
BRH:1
end_of_record
TN:
SF:src\controllers\Blogs.ts
FN:8,(anonymous_8)
FN:47,(anonymous_10)
FN:78,(anonymous_12)
FN:106,(anonymous_14)
FN:147,(anonymous_16)
FN:185,(anonymous_18)
FN:206,(anonymous_20)
FNF:7
FNH:0
FNDA:0,(anonymous_8)
FNDA:0,(anonymous_10)
FNDA:0,(anonymous_12)
FNDA:0,(anonymous_14)
FNDA:0,(anonymous_16)
FNDA:0,(anonymous_18)
FNDA:0,(anonymous_20)
DA:2,1
DA:4,1
DA:7,1
DA:9,0
DA:10,0
DA:11,0
DA:13,0
DA:14,0
DA:15,0
DA:22,0
DA:31,0
DA:32,0
DA:38,0
DA:39,0
DA:48,0
DA:49,0
DA:50,0
DA:51,0
DA:54,0
DA:55,0
DA:56,0
DA:61,0
DA:67,0
DA:79,0
DA:80,0
DA:81,0
DA:82,0
DA:83,0
DA:90,0
DA:91,0
DA:97,0
DA:107,0
DA:108,0
DA:109,0
DA:112,0
DA:113,0
DA:114,0
DA:120,0
DA:121,0
DA:122,0
DA:129,0
DA:130,0
DA:132,0
DA:137,0
DA:138,0
DA:148,0
DA:149,0
DA:150,0
DA:153,0
DA:154,0
DA:155,0
DA:161,0
DA:162,0
DA:167,0
DA:168,0
DA:170,0
DA:175,0
DA:176,0
DA:186,0
DA:187,0
DA:188,0
DA:189,0
DA:193,0
DA:198,0
DA:207,0
DA:208,0
DA:209,0
DA:210,0
DA:211,0
DA:215,0
DA:220,0
LF:71
LH:3
BRDA:11,0,0,0
BRDA:11,0,1,0
BRDA:14,1,0,0
BRDA:51,2,0,0
BRDA:51,2,1,0
BRDA:55,3,0,0
BRDA:82,4,0,0
BRDA:113,5,0,0
BRDA:121,6,0,0
BRDA:154,7,0,0
BRDA:161,8,0,0
BRDA:161,9,0,0
BRDA:161,9,1,0
BRDA:188,10,0,0
BRDA:210,11,0,0
BRF:15
BRH:0
end_of_record
TN:
SF:src\controllers\Login.ts
FN:7,(anonymous_8)
FNF:1
FNH:0
FNDA:0,(anonymous_8)
DA:2,1
DA:3,1
DA:6,1
DA:8,0
DA:9,0
DA:12,0
DA:13,0
DA:14,0
DA:20,0
DA:23,0
DA:24,0
DA:25,0
DA:30,0
DA:34,0
DA:35,0
LF:15
LH:3
BRDA:13,0,0,0
BRDA:20,1,0,0
BRDA:20,1,1,0
BRDA:20,2,0,0
BRDA:20,2,1,0
BRF:5
BRH:0
end_of_record
TN:
SF:src\controllers\Messages.ts
FN:9,(anonymous_8)
FN:43,(anonymous_10)
FN:63,(anonymous_12)
FN:91,(anonymous_14)
FNF:4
FNH:4
FNDA:3,(anonymous_8)
FNDA:2,(anonymous_10)
FNDA:3,(anonymous_12)
FNDA:4,(anonymous_14)
DA:2,1
DA:4,1
DA:8,1
DA:10,3
DA:11,3
DA:14,3
DA:15,3
DA:16,1
DA:23,2
DA:31,2
DA:32,1
DA:36,1
DA:44,2
DA:45,2
DA:46,1
DA:47,0
DA:51,1
DA:56,1
DA:64,3
DA:65,3
DA:68,3
DA:69,3
DA:70,1
DA:76,2
DA:77,1
DA:82,1
DA:83,1
DA:92,4
DA:93,4
DA:94,4
DA:96,4
DA:97,1
DA:103,3
DA:105,2
DA:106,1
DA:112,1
DA:117,1
DA:118,1
LF:38
LH:37
BRDA:15,0,0,1
BRDA:46,1,0,0
BRDA:69,2,0,1
BRDA:96,3,0,1
BRDA:105,4,0,1
BRF:5
BRH:4
end_of_record
TN:
SF:src\controllers\Projects.ts
FN:7,(anonymous_8)
FN:46,(anonymous_10)
FN:86,(anonymous_12)
FN:114,(anonymous_14)
FN:135,(anonymous_16)
FNF:5
FNH:0
FNDA:0,(anonymous_8)
FNDA:0,(anonymous_10)
FNDA:0,(anonymous_12)
FNDA:0,(anonymous_14)
FNDA:0,(anonymous_16)
DA:3,1
DA:4,1
DA:6,1
DA:8,0
DA:9,0
DA:10,0
DA:13,0
DA:14,0
DA:15,0
DA:22,0
DA:31,0
DA:32,0
DA:37,0
DA:38,0
DA:47,0
DA:48,0
DA:49,0
DA:50,0
DA:54,0
DA:55,0
DA:56,0
DA:63,0
DA:64,0
DA:65,0
DA:70,0
DA:76,0
DA:87,0
DA:88,0
DA:89,0
DA:90,0
DA:91,0
DA:98,0
DA:99,0
DA:105,0
DA:115,0
DA:116,0
DA:117,0
DA:118,0
DA:122,0
DA:127,0
DA:136,0
DA:137,0
DA:138,0
DA:139,0
DA:140,0
DA:144,0
DA:149,0
LF:47
LH:3
BRDA:10,0,0,0
BRDA:10,0,1,0
BRDA:14,1,0,0
BRDA:50,2,0,0
BRDA:50,2,1,0
BRDA:55,3,0,0
BRDA:64,4,0,0
BRDA:90,5,0,0
BRDA:117,6,0,0
BRDA:139,7,0,0
BRF:10
BRH:0
end_of_record
TN:
SF:src\controllers\Skills.ts
FN:7,(anonymous_8)
FN:45,(anonymous_10)
FN:75,(anonymous_12)
FN:103,(anonymous_14)
FNF:4
FNH:0
FNDA:0,(anonymous_8)
FNDA:0,(anonymous_10)
FNDA:0,(anonymous_12)
FNDA:0,(anonymous_14)
DA:3,1
DA:4,1
DA:6,1
DA:8,0
DA:9,0
DA:10,0
DA:13,0
DA:14,0
DA:15,0
DA:22,0
DA:30,0
DA:31,0
DA:36,0
DA:37,0
DA:46,0
DA:47,0
DA:48,0
DA:49,0
DA:52,0
DA:53,0
DA:54,0
DA:59,0
DA:65,0
DA:76,0
DA:77,0
DA:78,0
DA:79,0
DA:80,0
DA:87,0
DA:88,0
DA:94,0
DA:104,0
DA:105,0
DA:106,0
DA:107,0
DA:111,0
DA:116,0
LF:37
LH:3
BRDA:10,0,0,0
BRDA:10,0,1,0
BRDA:14,1,0,0
BRDA:49,2,0,0
BRDA:49,2,1,0
BRDA:53,3,0,0
BRDA:79,4,0,0
BRDA:106,5,0,0
BRF:8
BRH:0
end_of_record
TN:
SF:src\controllers\Subscribe.ts
FN:8,(anonymous_8)
FN:44,(anonymous_10)
FN:64,(anonymous_12)
FNF:3
FNH:0
FNDA:0,(anonymous_8)
FNDA:0,(anonymous_10)
FNDA:0,(anonymous_12)
DA:3,1
DA:7,1
DA:9,0
DA:10,0
DA:11,0
DA:12,0
DA:18,0
DA:19,0
DA:20,0
DA:26,0
DA:32,0
DA:33,0
DA:37,0
DA:45,0
DA:46,0
DA:47,0
DA:48,0
DA:52,0
DA:57,0
DA:65,0
DA:66,0
DA:69,0
DA:70,0
DA:71,0
DA:77,0
DA:78,0
DA:83,0
DA:84,0
LF:28
LH:2
BRDA:11,0,0,0
BRDA:19,1,0,0
BRDA:47,2,0,0
BRDA:70,3,0,0
BRF:4
BRH:0
end_of_record
TN:
SF:src\controllers\userRegistration.ts
FN:16,(anonymous_8)
FN:60,(anonymous_10)
FN:80,(anonymous_12)
FN:101,(anonymous_14)
FN:139,(anonymous_16)
FNF:5
FNH:0
FNDA:0,(anonymous_8)
FNDA:0,(anonymous_10)
FNDA:0,(anonymous_12)
FNDA:0,(anonymous_14)
FNDA:0,(anonymous_16)
DA:2,1
DA:3,1
DA:4,1
DA:15,1
DA:17,0
DA:18,0
DA:19,0
DA:20,0
DA:21,0
DA:27,0
DA:28,0
DA:29,0
DA:37,0
DA:38,0
DA:48,0
DA:49,0
DA:53,0
DA:61,0
DA:62,0
DA:63,0
DA:64,0
DA:68,0
DA:73,0
DA:81,0
DA:82,0
DA:83,0
DA:84,0
DA:85,0
DA:89,0
DA:94,0
DA:102,0
DA:103,0
DA:104,0
DA:106,0
DA:107,0
DA:110,0
DA:111,0
DA:112,0
DA:120,0
DA:121,0
DA:122,0
DA:127,0
DA:133,0
DA:140,0
DA:141,0
DA:144,0
DA:145,0
DA:146,0
DA:152,0
DA:153,0
DA:159,0
LF:51
LH:4
BRDA:20,0,0,0
BRDA:28,1,0,0
BRDA:63,2,0,0
BRDA:84,3,0,0
BRDA:106,4,0,0
BRDA:111,5,0,0
BRDA:121,6,0,0
BRDA:145,7,0,0
BRF:8
BRH:0
end_of_record
TN:
SF:src\middleware\auth.ts
FN:12,(anonymous_8)
FN:43,(anonymous_10)
FNF:2
FNH:2
FNDA:5,(anonymous_8)
FNDA:5,(anonymous_10)
DA:2,1
DA:3,1
DA:5,1
DA:11,1
DA:13,5
DA:14,5
DA:15,5
DA:16,0
DA:21,5
DA:23,5
DA:24,0
DA:29,5
DA:30,5
DA:31,5
DA:33,5
DA:35,0
DA:44,5
DA:45,5
DA:46,5
DA:47,5
DA:49,0
DA:53,0
LF:22
LH:17
BRDA:15,0,0,0
BRDA:23,1,0,0
BRDA:46,2,0,5
BRF:3
BRH:1
end_of_record
TN:
SF:src\models\Blogs.ts
FNF:0
FNH:0
DA:1,1
DA:26,1
DA:60,1
DA:62,1
LF:4
LH:4
BRF:0
BRH:0
end_of_record
TN:
SF:src\models\Messages.ts
FNF:0
FNH:0
DA:1,1
DA:11,1
DA:34,1
DA:36,1
LF:4
LH:4
BRF:0
BRH:0
end_of_record
TN:
SF:src\models\Projects.ts
FNF:0
FNH:0
DA:1,1
DA:16,1
DA:43,1
DA:45,1
LF:4
LH:4
BRF:0
BRH:0
end_of_record
TN:
SF:src\models\Skills.ts
FNF:0
FNH:0
DA:1,1
DA:11,1
DA:30,1
DA:32,1
LF:4
LH:4
BRF:0
BRH:0
end_of_record
TN:
SF:src\models\Subscribers.ts
FNF:0
FNH:0
DA:1,1
DA:8,1
DA:19,1
DA:21,1
LF:4
LH:4
BRF:0
BRH:0
end_of_record
TN:
SF:src\models\Users.ts
FN:37,(anonymous_14)
FNF:1
FNH:0
FNDA:0,(anonymous_14)
DA:1,1
DA:2,1
DA:13,1
DA:37,1
DA:38,0
DA:41,1
DA:43,1
LF:7
LH:6
BRF:0
BRH:0
end_of_record
TN:
SF:src\routes\Blogs.ts
FNF:0
FNH:0
DA:1,1
DA:2,1
DA:3,1
DA:4,1
DA:6,1
DA:8,1
DA:9,1
DA:10,1
DA:11,1
DA:12,1
DA:13,1
DA:14,1
DA:17,1
LF:13
LH:13
BRF:0
BRH:0
end_of_record
TN:
SF:src\routes\Login.ts
FNF:0
FNH:0
DA:1,1
DA:2,1
DA:4,1
DA:7,1
DA:13,1
LF:5
LH:5
BRF:0
BRH:0
end_of_record
TN:
SF:src\routes\Messages.ts
FNF:0
FNH:0
DA:1,1
DA:2,1
DA:3,1
DA:5,1
DA:7,1
DA:8,1
DA:9,1
DA:10,1
DA:12,1
LF:9
LH:9
BRF:0
BRH:0
end_of_record
TN:
SF:src\routes\Projects.ts
FNF:0
FNH:0
DA:1,1
DA:2,1
DA:3,1
DA:4,1
DA:6,1
DA:8,1
DA:9,1
DA:10,1
DA:11,1
DA:12,1
DA:15,1
LF:11
LH:11
BRF:0
BRH:0
end_of_record
TN:
SF:src\routes\Skills.ts
FNF:0
FNH:0
DA:1,1
DA:2,1
DA:3,1
DA:4,1
DA:6,1
DA:8,1
DA:9,1
DA:10,1
DA:11,1
DA:14,1
LF:10
LH:10
BRF:0
BRH:0
end_of_record
TN:
SF:src\routes\Subs.ts
FNF:0
FNH:0
DA:1,1
DA:2,1
DA:4,1
DA:6,1
DA:7,1
DA:8,1
DA:10,1
LF:7
LH:7
BRF:0
BRH:0
end_of_record
TN:
SF:src\routes\userRegistration.ts
FNF:0
FNH:0
DA:1,1
DA:2,1
DA:3,1
DA:5,1
DA:8,1
DA:9,1
DA:10,1
DA:11,1
DA:12,1
DA:17,1
LF:10
LH:10
BRF:0
BRH:0
end_of_record
TN:
SF:src\utils\multer.ts
FN:5,(anonymous_1)
FN:8,(anonymous_2)
FNF:2
FNH:0
FNDA:0,(anonymous_1)
FNDA:0,(anonymous_2)
DA:2,1
DA:4,1
DA:6,0
DA:9,0
DA:13,1
DA:15,1
LF:6
LH:4
BRF:0
BRH:0
end_of_record
TN:
SF:src\validations\BlogValidations.ts
FNF:0
FNH:0
DA:1,1
DA:10,1
DA:17,1
LF:3
LH:3
BRF:0
BRH:0
end_of_record
TN:
SF:src\validations\MessagesValitions.ts
FNF:0
FNH:0
DA:1,1
DA:9,1
DA:15,1
LF:3
LH:3
BRF:0
BRH:0
end_of_record
TN:
SF:src\validations\RegisterValidations.ts
FNF:0
FNH:0
DA:1,1
DA:10,1
DA:13,1
DA:20,1
LF:4
LH:4
BRF:0
BRH:0
end_of_record
TN:
SF:src\validations\SkillsValidations.ts
FNF:0
FNH:0
DA:1,1
DA:10,1
DA:17,1
LF:3
LH:3
BRF:0
BRH:0
end_of_record
TN:
SF:src\validations\projectsValidations.ts
FNF:0
FNH:0
DA:1,1
DA:12,1
DA:20,1
LF:3
LH:3
BRF:0
BRH:0
end_of_record
